2019-06-22 13:28:45,262 : INFO : length of asks is 25
2019-06-22 13:29:11,505 : INFO : length of asks is 25
2019-06-22 13:29:15,965 : INFO : length of asks is 25
2019-06-22 13:29:15,965 : INFO : length of asks is 25
2019-06-22 13:29:31,002 : INFO : orderbook received
2019-06-22 13:29:31,002 : INFO : orderbook received
2019-06-22 13:29:31,233 : INFO : orderbook received
2019-06-22 13:29:31,233 : INFO : orderbook received
2019-06-22 13:30:34,968 : INFO : length of asks is 25
2019-06-22 13:30:39,153 : INFO : length of asks is 25
2019-06-22 13:30:39,153 : INFO : length of asks is 25
2019-06-22 13:30:53,605 : INFO : orderbook received
2019-06-22 13:30:53,605 : INFO : orderbook received
2019-06-22 13:30:53,816 : INFO : orderbook received
2019-06-22 13:30:53,816 : INFO : orderbook received
2019-06-22 13:33:37,988 : INFO : length of asks is 25
2019-06-22 13:33:42,182 : INFO : length of asks is 25
2019-06-22 13:33:42,182 : INFO : length of asks is 25
2019-06-22 13:33:56,628 : INFO : orderbook received
2019-06-22 13:33:56,628 : INFO : orderbook received
2019-06-22 13:33:56,838 : INFO : orderbook received
2019-06-22 13:33:56,838 : INFO : orderbook received
2019-06-22 13:33:57,486 : INFO : balance for BRIDGE.BTC is 0 
2019-06-22 13:33:57,486 : INFO : balance for BRIDGE.BTC is 0 
2019-06-22 13:33:58,802 : INFO : orderbook received
2019-06-22 13:33:58,802 : INFO : orderbook received
2019-06-22 13:33:59,994 : INFO : balance for BRIDGE.BTC is 0.0004876246307122272 
2019-06-22 13:33:59,994 : INFO : balance for BRIDGE.BTC is 0.0004876246307122272 
2019-06-22 13:34:00,086 : INFO : orderbook received
2019-06-22 13:34:00,086 : INFO : orderbook received
2019-06-22 13:34:00,517 : INFO : balance for BRIDGE.BTC is 0 
2019-06-22 13:34:00,517 : INFO : balance for BRIDGE.BTC is 0 
2019-06-22 13:34:00,830 : INFO : orderbook received
2019-06-22 13:34:00,830 : INFO : orderbook received
2019-06-22 13:34:02,329 : INFO : orderbook received
2019-06-22 13:34:02,329 : INFO : orderbook received
2019-06-22 13:34:03,742 : INFO : balance for BRIDGE.BTC is 0.0004876246307122272 
2019-06-22 13:34:03,742 : INFO : balance for BRIDGE.BTC is 0.0004876246307122272 
2019-06-22 13:37:17,372 : INFO : length of asks is 25
2019-06-22 13:37:21,442 : INFO : length of asks is 25
2019-06-22 13:37:21,442 : INFO : length of asks is 25
2019-06-22 13:37:36,124 : INFO : orderbook received
2019-06-22 13:37:36,124 : INFO : orderbook received
2019-06-22 13:37:36,315 : INFO : orderbook received
2019-06-22 13:37:36,315 : INFO : orderbook received
2019-06-22 13:37:37,073 : INFO : balance for BRIDGE.BTC is 0 
2019-06-22 13:37:37,073 : INFO : balance for BRIDGE.BTC is 0 
2019-06-22 13:37:38,412 : INFO : orderbook received
2019-06-22 13:37:38,412 : INFO : orderbook received
2019-06-22 13:37:39,876 : INFO : balance for BRIDGE.BTC is 0.0004876246307122272 
2019-06-22 13:37:39,876 : INFO : balance for BRIDGE.BTC is 0.0004876246307122272 
2019-06-22 13:37:39,966 : INFO : orderbook received
2019-06-22 13:37:39,966 : INFO : orderbook received
2019-06-22 13:37:40,477 : INFO : balance for BRIDGE.BTC is 0 
2019-06-22 13:37:40,477 : INFO : balance for BRIDGE.BTC is 0 
2019-06-22 13:37:40,771 : INFO : orderbook received
2019-06-22 13:37:40,771 : INFO : orderbook received
2019-06-22 13:37:42,394 : INFO : orderbook received
2019-06-22 13:37:42,394 : INFO : orderbook received
2019-06-22 13:37:48,917 : INFO : balance for BRIDGE.BTC is 0.0004876246307122272 
2019-06-22 13:37:48,917 : INFO : balance for BRIDGE.BTC is 0.0004876246307122272 
2019-06-22 13:37:49,002 : INFO : spread too low currently at 0.01161205
2019-06-22 13:37:49,002 : INFO : spread too low currently at 0.01161205
2019-06-22 13:41:10,264 : INFO : length of asks is 25
2019-06-22 13:41:14,498 : INFO : length of asks is 25
2019-06-22 13:41:14,498 : INFO : length of asks is 25
2019-06-22 13:41:19,557 : INFO : orderbook received
2019-06-22 13:41:19,557 : INFO : orderbook received
2019-06-22 13:41:19,757 : INFO : orderbook received
2019-06-22 13:41:19,757 : INFO : orderbook received
2019-06-22 13:41:20,366 : INFO : balance for BRIDGE.BTC is 0 
2019-06-22 13:41:20,366 : INFO : balance for BRIDGE.BTC is 0 
2019-06-22 13:41:21,876 : INFO : orderbook received
2019-06-22 13:41:21,876 : INFO : orderbook received
2019-06-22 13:41:21,899 : INFO : balance for BRIDGE.BTC is 0.0011377908049951969 
2019-06-22 13:41:21,899 : INFO : balance for BRIDGE.BTC is 0.0011377908049951969 
2019-06-22 13:41:21,965 : INFO : orderbook received
2019-06-22 13:41:21,965 : INFO : orderbook received
2019-06-22 13:41:22,426 : INFO : balance for BRIDGE.BTC is 0 
2019-06-22 13:41:22,426 : INFO : balance for BRIDGE.BTC is 0 
2019-06-22 13:41:22,527 : INFO : spread too low currently at 0.01218386
2019-06-22 13:41:22,527 : INFO : spread too low currently at 0.01218386
2019-06-22 13:41:27,698 : INFO : orderbook received
2019-06-22 13:41:27,698 : INFO : orderbook received
2019-06-22 13:41:29,474 : INFO : orderbook received
2019-06-22 13:41:29,474 : INFO : orderbook received
2019-06-22 13:41:39,625 : INFO : balance for BRIDGE.BTC is 0.0011377908049951969 
2019-06-22 13:41:39,625 : INFO : balance for BRIDGE.BTC is 0.0011377908049951969 
2019-06-22 13:41:39,722 : INFO : spread too low currently at 0.01218386
2019-06-22 13:41:39,722 : INFO : spread too low currently at 0.01218386
2019-06-22 13:41:44,785 : INFO : orderbook received
2019-06-22 13:41:44,785 : INFO : orderbook received
2019-06-22 13:41:45,327 : INFO : balance for BRIDGE.BTC is 0 
2019-06-22 13:41:45,327 : INFO : balance for BRIDGE.BTC is 0 
2019-06-22 13:41:45,539 : INFO : orderbook received
2019-06-22 13:41:45,539 : INFO : orderbook received
2019-06-22 13:41:46,927 : INFO : orderbook received
2019-06-22 13:41:46,927 : INFO : orderbook received
2019-06-22 13:41:46,945 : INFO : balance for BRIDGE.BTC is 0.0011377908049951969 
2019-06-22 13:41:46,945 : INFO : balance for BRIDGE.BTC is 0.0011377908049951969 
2019-06-22 13:41:47,014 : INFO : orderbook received
2019-06-22 13:41:47,014 : INFO : orderbook received
2019-06-22 13:41:47,471 : INFO : balance for BRIDGE.BTC is 0 
2019-06-22 13:41:47,471 : INFO : balance for BRIDGE.BTC is 0 
2019-06-22 13:41:47,589 : INFO : spread too low currently at 0.01218386
2019-06-22 13:41:47,589 : INFO : spread too low currently at 0.01218386
2019-06-22 13:41:52,799 : INFO : orderbook received
2019-06-22 13:41:52,799 : INFO : orderbook received
2019-06-22 13:41:54,115 : INFO : orderbook received
2019-06-22 13:41:54,115 : INFO : orderbook received
2019-06-22 13:42:04,287 : INFO : balance for BRIDGE.BTC is 0.0011377908049951969 
2019-06-22 13:42:04,287 : INFO : balance for BRIDGE.BTC is 0.0011377908049951969 
2019-06-22 13:42:04,347 : INFO : spread too low currently at 0.01218386
2019-06-22 13:42:04,347 : INFO : spread too low currently at 0.01218386
2019-06-22 13:42:09,433 : INFO : orderbook received
2019-06-22 13:42:09,433 : INFO : orderbook received
2019-06-22 13:42:09,887 : INFO : balance for BRIDGE.BTC is 0 
2019-06-22 13:42:09,887 : INFO : balance for BRIDGE.BTC is 0 
2019-06-22 13:42:10,079 : INFO : orderbook received
2019-06-22 13:42:10,079 : INFO : orderbook received
2019-06-22 13:42:11,585 : INFO : orderbook received
2019-06-22 13:42:11,585 : INFO : orderbook received
2019-06-22 13:42:11,657 : INFO : orderbook received
2019-06-22 13:42:11,657 : INFO : orderbook received
2019-06-22 13:42:11,678 : INFO : balance for BRIDGE.BTC is 0.0011377908049951969 
2019-06-22 13:42:11,678 : INFO : balance for BRIDGE.BTC is 0.0011377908049951969 
2019-06-22 13:42:12,120 : INFO : balance for BRIDGE.BTC is 0 
2019-06-22 13:42:12,120 : INFO : balance for BRIDGE.BTC is 0 
2019-06-22 13:42:12,232 : INFO : spread too low currently at 0.01218386
2019-06-22 13:42:12,232 : INFO : spread too low currently at 0.01218386
2019-06-22 13:42:17,436 : INFO : orderbook received
2019-06-22 13:42:17,436 : INFO : orderbook received
2019-06-22 13:42:17,524 : INFO : orderbook received
2019-06-22 13:42:17,524 : INFO : orderbook received
2019-06-22 13:42:19,511 : INFO : orderbook received
2019-06-22 13:42:19,511 : INFO : orderbook received
2019-06-22 13:42:20,079 : INFO : balance for BRIDGE.BTC is 0 
2019-06-22 13:42:20,079 : INFO : balance for BRIDGE.BTC is 0 
2019-06-22 13:42:30,302 : INFO : balance for BRIDGE.BTC is 0.0011377908049951969 
2019-06-22 13:42:30,302 : INFO : balance for BRIDGE.BTC is 0.0011377908049951969 
2019-06-22 13:42:30,372 : INFO : spread too low currently at 0.01218386
2019-06-22 13:42:30,372 : INFO : spread too low currently at 0.01218386
2019-06-22 13:42:35,453 : INFO : orderbook received
2019-06-22 13:42:35,453 : INFO : orderbook received
2019-06-22 13:42:35,985 : INFO : balance for BRIDGE.BTC is 0 
2019-06-22 13:42:35,985 : INFO : balance for BRIDGE.BTC is 0 
2019-06-22 13:42:36,082 : INFO : spread too low currently at 0.01218386
2019-06-22 13:42:36,082 : INFO : spread too low currently at 0.01218386
2019-06-22 13:42:41,310 : INFO : orderbook received
2019-06-22 13:42:41,310 : INFO : orderbook received
2019-06-22 13:42:42,936 : INFO : orderbook received
2019-06-22 13:42:42,936 : INFO : orderbook received
2019-06-22 13:42:42,965 : INFO : balance for BRIDGE.BTC is 0.0011377908049951969 
2019-06-22 13:42:42,965 : INFO : balance for BRIDGE.BTC is 0.0011377908049951969 
2019-06-22 13:42:43,031 : INFO : orderbook received
2019-06-22 13:42:43,031 : INFO : orderbook received
2019-06-22 13:42:43,531 : INFO : balance for BRIDGE.BTC is 0 
2019-06-22 13:42:43,531 : INFO : balance for BRIDGE.BTC is 0 
2019-06-22 13:42:43,715 : INFO : orderbook received
2019-06-22 13:42:43,715 : INFO : orderbook received
2019-06-22 13:42:45,318 : INFO : orderbook received
2019-06-22 13:42:45,318 : INFO : orderbook received
2019-06-22 13:42:55,528 : INFO : balance for BRIDGE.BTC is 0.0011377908049951969 
2019-06-22 13:42:55,528 : INFO : balance for BRIDGE.BTC is 0.0011377908049951969 
2019-06-22 13:42:55,627 : INFO : spread too low currently at 0.01218386
2019-06-22 13:42:55,627 : INFO : spread too low currently at 0.01218386
2019-06-22 13:43:00,691 : INFO : orderbook received
2019-06-22 13:43:00,691 : INFO : orderbook received
2019-06-22 13:43:01,365 : INFO : balance for BRIDGE.BTC is 0 
2019-06-22 13:43:01,365 : INFO : balance for BRIDGE.BTC is 0 
2019-06-22 13:43:01,418 : INFO : spread too low currently at 0.01218386
2019-06-22 13:43:01,418 : INFO : spread too low currently at 0.01218386
2019-06-22 13:43:06,616 : INFO : orderbook received
2019-06-22 13:43:06,616 : INFO : orderbook received
2019-06-22 13:43:08,197 : INFO : orderbook received
2019-06-22 13:43:08,197 : INFO : orderbook received
2019-06-22 13:43:08,221 : INFO : balance for BRIDGE.BTC is 0.0011377908049951969 
2019-06-22 13:43:08,221 : INFO : balance for BRIDGE.BTC is 0.0011377908049951969 
2019-06-22 13:43:08,292 : INFO : orderbook received
2019-06-22 13:43:08,292 : INFO : orderbook received
2019-06-22 13:43:08,746 : INFO : balance for BRIDGE.BTC is 0 
2019-06-22 13:43:08,746 : INFO : balance for BRIDGE.BTC is 0 
2019-06-22 13:43:08,954 : INFO : orderbook received
2019-06-22 13:43:08,954 : INFO : orderbook received
2019-06-22 13:43:10,456 : INFO : orderbook received
2019-06-22 13:43:10,456 : INFO : orderbook received
2019-06-22 13:43:10,534 : INFO : orderbook received
2019-06-22 13:43:10,534 : INFO : orderbook received
2019-06-22 13:43:20,790 : INFO : balance for BRIDGE.BTC is 0.0011377908049951969 
2019-06-22 13:43:20,790 : INFO : balance for BRIDGE.BTC is 0.0011377908049951969 
2019-06-22 13:43:20,884 : INFO : spread too low currently at 0.01218386
2019-06-22 13:43:20,884 : INFO : spread too low currently at 0.01218386
2019-06-22 13:43:26,447 : INFO : balance for BRIDGE.BTC is 0 
2019-06-22 13:43:26,447 : INFO : balance for BRIDGE.BTC is 0 
2019-06-22 13:43:26,535 : INFO : spread too low currently at 0.01218386
2019-06-22 13:43:26,535 : INFO : spread too low currently at 0.01218386
2019-06-22 13:43:31,731 : INFO : orderbook received
2019-06-22 13:43:31,731 : INFO : orderbook received
2019-06-22 13:43:31,799 : INFO : orderbook received
2019-06-22 13:43:31,799 : INFO : orderbook received
2019-06-22 13:43:33,341 : INFO : orderbook received
2019-06-22 13:43:33,341 : INFO : orderbook received
2019-06-22 13:43:33,857 : INFO : balance for BRIDGE.BTC is 0 
2019-06-22 13:43:33,857 : INFO : balance for BRIDGE.BTC is 0 
2019-06-22 13:43:33,879 : INFO : balance for BRIDGE.BTC is 0.0011377908049951969 
2019-06-22 13:43:33,879 : INFO : balance for BRIDGE.BTC is 0.0011377908049951969 
2019-06-22 13:43:33,949 : INFO : orderbook received
2019-06-22 13:43:33,949 : INFO : orderbook received
2019-06-22 13:43:34,503 : INFO : balance for BRIDGE.BTC is 0 
2019-06-22 13:43:34,503 : INFO : balance for BRIDGE.BTC is 0 
2019-06-22 13:43:34,605 : INFO : spread too low currently at 0.01218386
2019-06-22 13:43:34,605 : INFO : spread too low currently at 0.01218386
2019-06-22 13:43:39,814 : INFO : orderbook received
2019-06-22 13:43:39,814 : INFO : orderbook received
2019-06-22 13:43:41,425 : INFO : orderbook received
2019-06-22 13:43:41,425 : INFO : orderbook received
2019-06-22 13:43:51,658 : INFO : balance for BRIDGE.BTC is 0.0011377908049951969 
2019-06-22 13:43:51,658 : INFO : balance for BRIDGE.BTC is 0.0011377908049951969 
2019-06-22 13:43:51,779 : INFO : spread too low currently at 0.01218386
2019-06-22 13:43:51,779 : INFO : spread too low currently at 0.01218386
2019-06-22 13:43:56,856 : INFO : orderbook received
2019-06-22 13:43:56,856 : INFO : orderbook received
2019-06-22 13:43:57,473 : INFO : balance for BRIDGE.BTC is 0 
2019-06-22 13:43:57,473 : INFO : balance for BRIDGE.BTC is 0 
2019-06-22 13:43:57,620 : INFO : orderbook received
2019-06-22 13:43:57,620 : INFO : orderbook received
2019-06-22 13:43:59,293 : INFO : orderbook received
2019-06-22 13:43:59,293 : INFO : orderbook received
2019-06-22 13:43:59,313 : INFO : balance for BRIDGE.BTC is 0.0011377908049951969 
2019-06-22 13:43:59,313 : INFO : balance for BRIDGE.BTC is 0.0011377908049951969 
2019-06-22 13:43:59,392 : INFO : orderbook received
2019-06-22 13:43:59,392 : INFO : orderbook received
2019-06-22 13:43:59,867 : INFO : balance for BRIDGE.BTC is 0 
2019-06-22 13:43:59,867 : INFO : balance for BRIDGE.BTC is 0 
2019-06-22 13:43:59,968 : INFO : spread too low currently at 0.01161205
2019-06-22 13:43:59,968 : INFO : spread too low currently at 0.01161205
2019-06-22 13:44:05,205 : INFO : orderbook received
2019-06-22 13:44:05,205 : INFO : orderbook received
2019-06-22 13:44:06,963 : INFO : orderbook received
2019-06-22 13:44:06,963 : INFO : orderbook received
2019-06-22 13:44:17,192 : INFO : balance for BRIDGE.BTC is 0.0011377908049951969 
2019-06-22 13:44:17,192 : INFO : balance for BRIDGE.BTC is 0.0011377908049951969 
2019-06-22 13:44:17,286 : INFO : spread too low currently at 0.01161205
2019-06-22 13:44:17,286 : INFO : spread too low currently at 0.01161205
2019-06-22 13:44:22,351 : INFO : orderbook received
2019-06-22 13:44:22,351 : INFO : orderbook received
2019-06-22 13:44:22,897 : INFO : balance for BRIDGE.BTC is 0 
2019-06-22 13:44:22,897 : INFO : balance for BRIDGE.BTC is 0 
2019-06-22 13:44:23,127 : INFO : orderbook received
2019-06-22 13:44:23,127 : INFO : orderbook received
2019-06-22 13:44:24,652 : INFO : orderbook received
2019-06-22 13:44:24,652 : INFO : orderbook received
2019-06-22 13:44:24,724 : INFO : orderbook received
2019-06-22 13:44:24,724 : INFO : orderbook received
2019-06-22 13:44:24,752 : INFO : balance for BRIDGE.BTC is 0.0011377908049951969 
2019-06-22 13:44:24,752 : INFO : balance for BRIDGE.BTC is 0.0011377908049951969 
2019-06-22 13:44:25,218 : INFO : balance for BRIDGE.BTC is 0 
2019-06-22 13:44:25,218 : INFO : balance for BRIDGE.BTC is 0 
2019-06-22 13:44:25,309 : INFO : spread too low currently at 0.01161205
2019-06-22 13:44:25,309 : INFO : spread too low currently at 0.01161205
2019-06-22 13:44:30,521 : INFO : orderbook received
2019-06-22 13:44:30,521 : INFO : orderbook received
2019-06-22 13:44:30,558 : INFO : orderbook received
2019-06-22 13:44:30,558 : INFO : orderbook received
2019-06-22 13:44:32,240 : INFO : orderbook received
2019-06-22 13:44:32,240 : INFO : orderbook received
2019-06-22 13:44:32,768 : INFO : balance for BRIDGE.BTC is 0 
2019-06-22 13:44:32,768 : INFO : balance for BRIDGE.BTC is 0 
2019-06-22 13:44:42,996 : INFO : balance for BRIDGE.BTC is 0.0011377908049951969 
2019-06-22 13:44:42,996 : INFO : balance for BRIDGE.BTC is 0.0011377908049951969 
2019-06-22 13:44:43,110 : INFO : spread too low currently at 0.01161205
2019-06-22 13:44:43,110 : INFO : spread too low currently at 0.01161205
2019-06-22 13:44:48,181 : INFO : orderbook received
2019-06-22 13:44:48,181 : INFO : orderbook received
2019-06-22 13:44:48,847 : INFO : balance for BRIDGE.BTC is 0 
2019-06-22 13:44:48,847 : INFO : balance for BRIDGE.BTC is 0 
2019-06-22 13:44:48,951 : INFO : spread too low currently at 0.01161205
2019-06-22 13:44:48,951 : INFO : spread too low currently at 0.01161205
2019-06-22 13:44:54,153 : INFO : orderbook received
2019-06-22 13:44:54,153 : INFO : orderbook received
2019-06-22 13:44:55,736 : INFO : orderbook received
2019-06-22 13:44:55,736 : INFO : orderbook received
2019-06-22 13:44:55,756 : INFO : balance for BRIDGE.BTC is 0.0011377908049951969 
2019-06-22 13:44:55,756 : INFO : balance for BRIDGE.BTC is 0.0011377908049951969 
2019-06-22 13:44:55,829 : INFO : orderbook received
2019-06-22 13:44:55,829 : INFO : orderbook received
2019-06-22 13:44:56,261 : INFO : balance for BRIDGE.BTC is 0 
2019-06-22 13:44:56,261 : INFO : balance for BRIDGE.BTC is 0 
2019-06-22 13:44:56,479 : INFO : orderbook received
2019-06-22 13:44:56,479 : INFO : orderbook received
2019-06-22 13:44:57,999 : INFO : orderbook received
2019-06-22 13:44:57,999 : INFO : orderbook received
2019-06-22 13:45:08,238 : INFO : balance for BRIDGE.BTC is 0.0011377908049951969 
2019-06-22 13:45:08,238 : INFO : balance for BRIDGE.BTC is 0.0011377908049951969 
2019-06-22 13:45:08,348 : INFO : spread too low currently at 0.01161205
2019-06-22 13:45:08,348 : INFO : spread too low currently at 0.01161205
2019-06-22 13:45:13,420 : INFO : orderbook received
2019-06-22 13:45:13,420 : INFO : orderbook received
2019-06-22 13:45:13,964 : INFO : balance for BRIDGE.BTC is 0 
2019-06-22 13:45:13,964 : INFO : balance for BRIDGE.BTC is 0 
2019-06-22 13:45:14,058 : INFO : spread too low currently at 0.01161205
2019-06-22 13:45:14,058 : INFO : spread too low currently at 0.01161205
2019-06-22 13:45:19,234 : INFO : orderbook received
2019-06-22 13:45:19,234 : INFO : orderbook received
2019-06-22 13:45:20,761 : INFO : orderbook received
2019-06-22 13:45:20,761 : INFO : orderbook received
2019-06-22 13:45:20,786 : INFO : balance for BRIDGE.BTC is 0.0011377908049951969 
2019-06-22 13:45:20,786 : INFO : balance for BRIDGE.BTC is 0.0011377908049951969 
2019-06-22 13:45:20,857 : INFO : orderbook received
2019-06-22 13:45:20,857 : INFO : orderbook received
2019-06-22 13:45:21,365 : INFO : balance for BRIDGE.BTC is 0 
2019-06-22 13:45:21,365 : INFO : balance for BRIDGE.BTC is 0 
2019-06-22 13:45:21,573 : INFO : orderbook received
2019-06-22 13:45:21,573 : INFO : orderbook received
2019-06-22 13:45:22,990 : INFO : orderbook received
2019-06-22 13:45:22,990 : INFO : orderbook received
2019-06-22 13:45:23,060 : INFO : orderbook received
2019-06-22 13:45:23,060 : INFO : orderbook received
2019-06-22 13:45:33,281 : INFO : balance for BRIDGE.BTC is 0.0011377908049951969 
2019-06-22 13:45:33,281 : INFO : balance for BRIDGE.BTC is 0.0011377908049951969 
2019-06-22 13:45:33,380 : INFO : spread too low currently at 0.01161205
2019-06-22 13:45:33,380 : INFO : spread too low currently at 0.01161205
2019-06-22 13:45:38,976 : INFO : balance for BRIDGE.BTC is 0 
2019-06-22 13:45:38,976 : INFO : balance for BRIDGE.BTC is 0 
2019-06-22 13:45:39,083 : INFO : spread too low currently at 0.01161205
2019-06-22 13:45:39,083 : INFO : spread too low currently at 0.01161205
2019-06-22 13:45:44,295 : INFO : orderbook received
2019-06-22 13:45:44,295 : INFO : orderbook received
2019-06-22 13:45:44,348 : INFO : orderbook received
2019-06-22 13:45:44,348 : INFO : orderbook received
2019-06-22 13:45:45,847 : INFO : orderbook received
2019-06-22 13:45:45,847 : INFO : orderbook received
2019-06-22 13:45:46,390 : INFO : balance for BRIDGE.BTC is 0 
2019-06-22 13:45:46,390 : INFO : balance for BRIDGE.BTC is 0 
2019-06-22 13:45:46,407 : INFO : balance for BRIDGE.BTC is 0.0011377908049951969 
2019-06-22 13:45:46,407 : INFO : balance for BRIDGE.BTC is 0.0011377908049951969 
2019-06-22 13:45:46,478 : INFO : orderbook received
2019-06-22 13:45:46,478 : INFO : orderbook received
2019-06-22 13:45:46,984 : INFO : balance for BRIDGE.BTC is 0 
2019-06-22 13:45:46,984 : INFO : balance for BRIDGE.BTC is 0 
2019-06-22 13:45:47,085 : INFO : spread too low currently at 0.01161205
2019-06-22 13:45:47,085 : INFO : spread too low currently at 0.01161205
2019-06-22 13:45:52,289 : INFO : orderbook received
2019-06-22 13:45:52,289 : INFO : orderbook received
2019-06-22 13:45:53,837 : INFO : orderbook received
2019-06-22 13:45:53,837 : INFO : orderbook received
2019-06-22 13:46:04,115 : INFO : balance for BRIDGE.BTC is 0.0011377908049951969 
2019-06-22 13:46:04,115 : INFO : balance for BRIDGE.BTC is 0.0011377908049951969 
2019-06-22 13:46:04,214 : INFO : spread too low currently at 0.01161205
2019-06-22 13:46:04,214 : INFO : spread too low currently at 0.01161205
2019-06-22 13:46:09,277 : INFO : orderbook received
2019-06-22 13:46:09,277 : INFO : orderbook received
2019-06-22 13:46:09,796 : INFO : balance for BRIDGE.BTC is 0 
2019-06-22 13:46:09,796 : INFO : balance for BRIDGE.BTC is 0 
2019-06-22 13:46:10,003 : INFO : orderbook received
2019-06-22 13:46:10,003 : INFO : orderbook received
2019-06-22 13:46:11,582 : INFO : orderbook received
2019-06-22 13:46:11,582 : INFO : orderbook received
2019-06-22 13:46:11,603 : INFO : balance for BRIDGE.BTC is 0.0011377908049951969 
2019-06-22 13:46:11,603 : INFO : balance for BRIDGE.BTC is 0.0011377908049951969 
2019-06-22 13:46:11,671 : INFO : orderbook received
2019-06-22 13:46:11,671 : INFO : orderbook received
2019-06-22 13:46:12,141 : INFO : balance for BRIDGE.BTC is 0 
2019-06-22 13:46:12,141 : INFO : balance for BRIDGE.BTC is 0 
2019-06-22 13:46:12,241 : INFO : spread too low currently at 0.01161205
2019-06-22 13:46:12,241 : INFO : spread too low currently at 0.01161205
2019-06-22 13:46:17,463 : INFO : orderbook received
2019-06-22 13:46:17,463 : INFO : orderbook received
2019-06-22 13:46:18,995 : INFO : orderbook received
2019-06-22 13:46:18,995 : INFO : orderbook received
2019-06-22 13:46:29,254 : INFO : balance for BRIDGE.BTC is 0.0011377908049951969 
2019-06-22 13:46:29,254 : INFO : balance for BRIDGE.BTC is 0.0011377908049951969 
2019-06-22 13:46:29,358 : INFO : spread too low currently at 0.01161205
2019-06-22 13:46:29,358 : INFO : spread too low currently at 0.01161205
2019-06-22 13:46:34,426 : INFO : orderbook received
2019-06-22 13:46:34,426 : INFO : orderbook received
2019-06-22 13:46:34,949 : INFO : balance for BRIDGE.BTC is 0 
2019-06-22 13:46:34,949 : INFO : balance for BRIDGE.BTC is 0 
2019-06-22 13:46:35,145 : INFO : orderbook received
2019-06-22 13:46:35,145 : INFO : orderbook received
2019-06-22 13:46:36,574 : INFO : orderbook received
2019-06-22 13:46:36,574 : INFO : orderbook received
2019-06-22 13:46:36,650 : INFO : orderbook received
2019-06-22 13:46:36,650 : INFO : orderbook received
2019-06-22 13:46:36,672 : INFO : balance for BRIDGE.BTC is 0.0011377908049951969 
2019-06-22 13:46:36,672 : INFO : balance for BRIDGE.BTC is 0.0011377908049951969 
2019-06-22 13:46:37,116 : INFO : balance for BRIDGE.BTC is 0 
2019-06-22 13:46:37,116 : INFO : balance for BRIDGE.BTC is 0 
2019-06-22 13:46:37,219 : INFO : spread too low currently at 0.01161205
2019-06-22 13:46:37,219 : INFO : spread too low currently at 0.01161205
2019-06-22 13:46:42,442 : INFO : orderbook received
2019-06-22 13:46:42,442 : INFO : orderbook received
2019-06-22 13:46:42,503 : INFO : orderbook received
2019-06-22 13:46:42,503 : INFO : orderbook received
2019-06-22 13:46:43,994 : INFO : orderbook received
2019-06-22 13:46:43,994 : INFO : orderbook received
2019-06-22 13:46:44,534 : INFO : balance for BRIDGE.BTC is 0 
2019-06-22 13:46:44,534 : INFO : balance for BRIDGE.BTC is 0 
2019-06-22 13:46:54,761 : INFO : balance for BRIDGE.BTC is 0.0011377908049951969 
2019-06-22 13:46:54,761 : INFO : balance for BRIDGE.BTC is 0.0011377908049951969 
2019-06-22 13:46:54,863 : INFO : spread too low currently at 0.01161205
2019-06-22 13:46:54,863 : INFO : spread too low currently at 0.01161205
2019-06-22 13:46:59,928 : INFO : orderbook received
2019-06-22 13:46:59,928 : INFO : orderbook received
2019-06-22 13:47:00,459 : INFO : balance for BRIDGE.BTC is 0 
2019-06-22 13:47:00,459 : INFO : balance for BRIDGE.BTC is 0 
2019-06-22 13:47:00,558 : INFO : spread too low currently at 0.01161205
2019-06-22 13:47:00,558 : INFO : spread too low currently at 0.01161205
2019-06-22 13:47:05,772 : INFO : orderbook received
2019-06-22 13:47:05,772 : INFO : orderbook received
2019-06-22 13:47:07,199 : INFO : orderbook received
2019-06-22 13:47:07,199 : INFO : orderbook received
2019-06-22 13:47:07,225 : INFO : balance for BRIDGE.BTC is 0.0011377908049951969 
2019-06-22 13:47:07,225 : INFO : balance for BRIDGE.BTC is 0.0011377908049951969 
2019-06-22 13:47:07,299 : INFO : orderbook received
2019-06-22 13:47:07,299 : INFO : orderbook received
2019-06-22 13:47:07,749 : INFO : balance for BRIDGE.BTC is 0 
2019-06-22 13:47:07,749 : INFO : balance for BRIDGE.BTC is 0 
2019-06-22 13:47:07,953 : INFO : orderbook received
2019-06-22 13:47:07,953 : INFO : orderbook received
2019-06-22 13:47:09,488 : INFO : orderbook received
2019-06-22 13:47:09,488 : INFO : orderbook received
2019-06-22 13:47:19,736 : INFO : balance for BRIDGE.BTC is 0.0011377908049951969 
2019-06-22 13:47:19,736 : INFO : balance for BRIDGE.BTC is 0.0011377908049951969 
2019-06-22 13:47:19,843 : INFO : spread too low currently at 0.01161205
2019-06-22 13:47:19,843 : INFO : spread too low currently at 0.01161205
2019-06-22 13:47:24,913 : INFO : orderbook received
2019-06-22 13:47:24,913 : INFO : orderbook received
2019-06-22 13:47:25,844 : INFO : balance for BRIDGE.BTC is 0 
2019-06-22 13:47:25,844 : INFO : balance for BRIDGE.BTC is 0 
2019-06-22 13:47:25,948 : INFO : spread too low currently at 0.01161205
2019-06-22 13:47:25,948 : INFO : spread too low currently at 0.01161205
2019-06-22 13:47:31,153 : INFO : orderbook received
2019-06-22 13:47:31,153 : INFO : orderbook received
2019-06-22 13:47:32,792 : INFO : orderbook received
2019-06-22 13:47:32,792 : INFO : orderbook received
2019-06-22 13:47:32,803 : INFO : balance for BRIDGE.BTC is 0.0011377908049951969 
2019-06-22 13:47:32,803 : INFO : balance for BRIDGE.BTC is 0.0011377908049951969 
2019-06-22 13:47:32,858 : INFO : orderbook received
2019-06-22 13:47:32,858 : INFO : orderbook received
2019-06-22 13:47:33,307 : INFO : balance for BRIDGE.BTC is 0 
2019-06-22 13:47:33,307 : INFO : balance for BRIDGE.BTC is 0 
2019-06-22 13:47:33,528 : INFO : orderbook received
2019-06-22 13:47:33,528 : INFO : orderbook received
2019-06-22 13:47:35,051 : INFO : orderbook received
2019-06-22 13:47:35,051 : INFO : orderbook received
2019-06-22 13:47:35,126 : INFO : orderbook received
2019-06-22 13:47:35,126 : INFO : orderbook received
2019-06-22 13:47:45,365 : INFO : balance for BRIDGE.BTC is 0.0011377908049951969 
2019-06-22 13:47:45,365 : INFO : balance for BRIDGE.BTC is 0.0011377908049951969 
2019-06-22 13:47:45,464 : INFO : spread too low currently at 0.01161205
2019-06-22 13:47:45,464 : INFO : spread too low currently at 0.01161205
2019-06-22 13:47:51,031 : INFO : balance for BRIDGE.BTC is 0 
2019-06-22 13:47:51,031 : INFO : balance for BRIDGE.BTC is 0 
2019-06-22 13:47:51,126 : INFO : spread too low currently at 0.01161205
2019-06-22 13:47:51,126 : INFO : spread too low currently at 0.01161205
2019-06-22 13:47:56,333 : INFO : orderbook received
2019-06-22 13:47:56,333 : INFO : orderbook received
2019-06-22 13:47:56,378 : INFO : orderbook received
2019-06-22 13:47:56,378 : INFO : orderbook received
2019-06-22 13:47:57,849 : INFO : orderbook received
2019-06-22 13:47:57,849 : INFO : orderbook received
2019-06-22 13:47:58,360 : INFO : balance for BRIDGE.BTC is 0 
2019-06-22 13:47:58,360 : INFO : balance for BRIDGE.BTC is 0 
2019-06-22 13:47:58,377 : INFO : balance for BRIDGE.BTC is 0.0011377908049951969 
2019-06-22 13:47:58,377 : INFO : balance for BRIDGE.BTC is 0.0011377908049951969 
2019-06-22 13:47:58,434 : INFO : orderbook received
2019-06-22 13:47:58,434 : INFO : orderbook received
2019-06-22 13:47:58,939 : INFO : balance for BRIDGE.BTC is 0 
2019-06-22 13:47:58,939 : INFO : balance for BRIDGE.BTC is 0 
2019-06-22 13:47:59,049 : INFO : spread too low currently at 0.01161205
2019-06-22 13:47:59,049 : INFO : spread too low currently at 0.01161205
2019-06-22 13:48:04,262 : INFO : orderbook received
2019-06-22 13:48:04,262 : INFO : orderbook received
2019-06-22 13:48:05,616 : INFO : orderbook received
2019-06-22 13:48:05,616 : INFO : orderbook received
2019-06-22 13:48:15,702 : INFO : balance for BRIDGE.BTC is 0.0011377908049951969 
2019-06-22 13:48:15,702 : INFO : balance for BRIDGE.BTC is 0.0011377908049951969 
2019-06-22 13:48:15,811 : INFO : spread too low currently at 0.01161205
2019-06-22 13:48:15,811 : INFO : spread too low currently at 0.01161205
2019-06-22 13:48:20,850 : INFO : orderbook received
2019-06-22 13:48:20,850 : INFO : orderbook received
2019-06-22 13:48:21,294 : INFO : balance for BRIDGE.BTC is 0 
2019-06-22 13:48:21,294 : INFO : balance for BRIDGE.BTC is 0 
2019-06-22 13:48:21,460 : INFO : orderbook received
2019-06-22 13:48:21,460 : INFO : orderbook received
2019-06-22 13:48:22,830 : INFO : orderbook received
2019-06-22 13:48:22,830 : INFO : orderbook received
2019-06-22 13:48:22,841 : INFO : balance for BRIDGE.BTC is 0.0011377908049951969 
2019-06-22 13:48:22,841 : INFO : balance for BRIDGE.BTC is 0.0011377908049951969 
2019-06-22 13:48:22,881 : INFO : orderbook received
2019-06-22 13:48:22,881 : INFO : orderbook received
2019-06-22 13:48:23,304 : INFO : balance for BRIDGE.BTC is 0 
2019-06-22 13:48:23,304 : INFO : balance for BRIDGE.BTC is 0 
2019-06-22 13:48:23,378 : INFO : spread too low currently at 0.01161205
2019-06-22 13:48:23,378 : INFO : spread too low currently at 0.01161205
2019-06-22 13:48:28,598 : INFO : orderbook received
2019-06-22 13:48:28,598 : INFO : orderbook received
2019-06-22 13:48:30,178 : INFO : orderbook received
2019-06-22 13:48:30,178 : INFO : orderbook received
2019-06-22 13:48:40,305 : INFO : balance for BRIDGE.BTC is 0.0011377908049951969 
2019-06-22 13:48:40,305 : INFO : balance for BRIDGE.BTC is 0.0011377908049951969 
2019-06-22 13:48:40,346 : INFO : spread too low currently at 0.01161205
2019-06-22 13:48:40,346 : INFO : spread too low currently at 0.01161205
2019-06-22 13:48:45,424 : INFO : orderbook received
2019-06-22 13:48:45,424 : INFO : orderbook received
2019-06-22 13:48:45,887 : INFO : balance for BRIDGE.BTC is 0 
2019-06-22 13:48:45,887 : INFO : balance for BRIDGE.BTC is 0 
2019-06-22 13:48:46,059 : INFO : orderbook received
2019-06-22 13:48:46,059 : INFO : orderbook received
2019-06-22 13:48:47,554 : INFO : orderbook received
2019-06-22 13:48:47,554 : INFO : orderbook received
2019-06-22 13:48:47,627 : INFO : orderbook received
2019-06-22 13:48:47,627 : INFO : orderbook received
2019-06-22 13:48:47,650 : INFO : balance for BRIDGE.BTC is 0.0011377908049951969 
2019-06-22 13:48:47,650 : INFO : balance for BRIDGE.BTC is 0.0011377908049951969 
2019-06-22 13:48:48,118 : INFO : balance for BRIDGE.BTC is 0 
2019-06-22 13:48:48,118 : INFO : balance for BRIDGE.BTC is 0 
2019-06-22 13:48:48,206 : INFO : spread too low currently at 0.01161205
2019-06-22 13:48:48,206 : INFO : spread too low currently at 0.01161205
2019-06-22 13:48:53,454 : INFO : orderbook received
2019-06-22 13:48:53,454 : INFO : orderbook received
2019-06-22 13:48:53,504 : INFO : orderbook received
2019-06-22 13:48:53,504 : INFO : orderbook received
2019-06-22 13:48:55,241 : INFO : orderbook received
2019-06-22 13:48:55,241 : INFO : orderbook received
2019-06-22 13:48:55,793 : INFO : balance for BRIDGE.BTC is 0 
2019-06-22 13:48:55,793 : INFO : balance for BRIDGE.BTC is 0 
2019-06-22 13:49:05,979 : INFO : balance for BRIDGE.BTC is 0.0011377908049951969 
2019-06-22 13:49:05,979 : INFO : balance for BRIDGE.BTC is 0.0011377908049951969 
2019-06-22 13:49:06,054 : INFO : spread too low currently at 0.01161205
2019-06-22 13:49:06,054 : INFO : spread too low currently at 0.01161205
2019-06-22 13:49:11,102 : INFO : orderbook received
2019-06-22 13:49:11,102 : INFO : orderbook received
2019-06-22 13:49:11,685 : INFO : balance for BRIDGE.BTC is 0 
2019-06-22 13:49:11,685 : INFO : balance for BRIDGE.BTC is 0 
2019-06-22 13:49:11,753 : INFO : spread too low currently at 0.01161205
2019-06-22 13:49:11,753 : INFO : spread too low currently at 0.01161205
2019-06-22 13:49:16,915 : INFO : orderbook received
2019-06-22 13:49:16,915 : INFO : orderbook received
2019-06-22 13:49:18,521 : INFO : orderbook received
2019-06-22 13:49:18,521 : INFO : orderbook received
2019-06-22 13:49:18,544 : INFO : balance for BRIDGE.BTC is 0.0011377908049951969 
2019-06-22 13:49:18,544 : INFO : balance for BRIDGE.BTC is 0.0011377908049951969 
2019-06-22 13:49:18,616 : INFO : orderbook received
2019-06-22 13:49:18,616 : INFO : orderbook received
2019-06-22 13:49:19,035 : INFO : balance for BRIDGE.BTC is 0 
2019-06-22 13:49:19,035 : INFO : balance for BRIDGE.BTC is 0 
2019-06-22 13:49:19,198 : INFO : orderbook received
2019-06-22 13:49:19,198 : INFO : orderbook received
2019-06-22 13:49:20,671 : INFO : orderbook received
2019-06-22 13:49:20,671 : INFO : orderbook received
2019-06-22 13:49:30,881 : INFO : balance for BRIDGE.BTC is 0.0011377908049951969 
2019-06-22 13:49:30,881 : INFO : balance for BRIDGE.BTC is 0.0011377908049951969 
2019-06-22 13:49:30,953 : INFO : spread too low currently at 0.01161205
2019-06-22 13:49:30,953 : INFO : spread too low currently at 0.01161205
2019-06-22 13:49:36,005 : INFO : orderbook received
2019-06-22 13:49:36,005 : INFO : orderbook received
2019-06-22 13:49:36,504 : INFO : balance for BRIDGE.BTC is 0 
2019-06-22 13:49:36,504 : INFO : balance for BRIDGE.BTC is 0 
2019-06-22 13:49:36,624 : INFO : spread too low currently at 0.01161205
2019-06-22 13:49:36,624 : INFO : spread too low currently at 0.01161205
2019-06-22 13:49:41,839 : INFO : orderbook received
2019-06-22 13:49:41,839 : INFO : orderbook received
2019-06-22 13:49:43,429 : INFO : orderbook received
2019-06-22 13:49:43,429 : INFO : orderbook received
2019-06-22 13:49:43,439 : INFO : balance for BRIDGE.BTC is 0.0011377908049951969 
2019-06-22 13:49:43,439 : INFO : balance for BRIDGE.BTC is 0.0011377908049951969 
2019-06-22 13:49:43,480 : INFO : orderbook received
2019-06-22 13:49:43,480 : INFO : orderbook received
2019-06-22 13:49:43,960 : INFO : balance for BRIDGE.BTC is 0 
2019-06-22 13:49:43,960 : INFO : balance for BRIDGE.BTC is 0 
2019-06-22 13:49:44,098 : INFO : orderbook received
2019-06-22 13:49:44,098 : INFO : orderbook received
2019-06-22 13:49:45,551 : INFO : orderbook received
2019-06-22 13:49:45,551 : INFO : orderbook received
2019-06-22 13:49:45,630 : INFO : orderbook received
2019-06-22 13:49:45,630 : INFO : orderbook received
2019-06-22 13:49:55,766 : INFO : balance for BRIDGE.BTC is 0.0011377908049951969 
2019-06-22 13:49:55,766 : INFO : balance for BRIDGE.BTC is 0.0011377908049951969 
2019-06-22 13:49:55,870 : INFO : spread too low currently at 0.01161205
2019-06-22 13:49:55,870 : INFO : spread too low currently at 0.01161205
2019-06-22 13:50:01,351 : INFO : balance for BRIDGE.BTC is 0 
2019-06-22 13:50:01,351 : INFO : balance for BRIDGE.BTC is 0 
2019-06-22 13:50:01,423 : INFO : spread too low currently at 0.01161205
2019-06-22 13:50:01,423 : INFO : spread too low currently at 0.01161205
2019-06-22 13:50:06,642 : INFO : orderbook received
2019-06-22 13:50:06,642 : INFO : orderbook received
2019-06-22 13:50:06,690 : INFO : orderbook received
2019-06-22 13:50:06,690 : INFO : orderbook received
2019-06-22 13:50:08,231 : INFO : orderbook received
2019-06-22 13:50:08,231 : INFO : orderbook received
2019-06-22 13:50:08,697 : INFO : balance for BRIDGE.BTC is 0 
2019-06-22 13:50:08,697 : INFO : balance for BRIDGE.BTC is 0 
2019-06-22 13:50:08,707 : INFO : balance for BRIDGE.BTC is 0.0011377908049951969 
2019-06-22 13:50:08,707 : INFO : balance for BRIDGE.BTC is 0.0011377908049951969 
2019-06-22 13:50:08,757 : INFO : orderbook received
2019-06-22 13:50:08,757 : INFO : orderbook received
2019-06-22 13:50:09,235 : INFO : balance for BRIDGE.BTC is 0 
2019-06-22 13:50:09,235 : INFO : balance for BRIDGE.BTC is 0 
2019-06-22 13:50:09,325 : INFO : spread too low currently at 0.01161205
2019-06-22 13:50:09,325 : INFO : spread too low currently at 0.01161205
2019-06-22 13:50:14,497 : INFO : orderbook received
2019-06-22 13:50:14,497 : INFO : orderbook received
2019-06-22 13:50:16,309 : INFO : orderbook received
2019-06-22 13:50:16,309 : INFO : orderbook received
2019-06-22 13:50:26,473 : INFO : balance for BRIDGE.BTC is 0.0011752767443611422 
2019-06-22 13:50:26,473 : INFO : balance for BRIDGE.BTC is 0.0011752767443611422 
2019-06-22 13:50:26,583 : INFO : spread too low currently at 0.01161205
2019-06-22 13:50:26,583 : INFO : spread too low currently at 0.01161205
2019-06-22 13:50:31,663 : INFO : orderbook received
2019-06-22 13:50:31,663 : INFO : orderbook received
2019-06-22 13:50:32,200 : INFO : balance for BRIDGE.BTC is 0 
2019-06-22 13:50:32,200 : INFO : balance for BRIDGE.BTC is 0 
2019-06-22 13:50:32,408 : INFO : orderbook received
2019-06-22 13:50:32,408 : INFO : orderbook received
2019-06-22 13:50:33,864 : INFO : orderbook received
2019-06-22 13:50:33,864 : INFO : orderbook received
2019-06-22 13:50:33,885 : INFO : balance for BRIDGE.BTC is 0.0011752767443611422 
2019-06-22 13:50:33,885 : INFO : balance for BRIDGE.BTC is 0.0011752767443611422 
2019-06-22 13:50:33,957 : INFO : orderbook received
2019-06-22 13:50:33,957 : INFO : orderbook received
2019-06-22 13:50:34,390 : INFO : balance for BRIDGE.BTC is 0 
2019-06-22 13:50:34,390 : INFO : balance for BRIDGE.BTC is 0 
2019-06-22 13:50:34,484 : INFO : spread too low currently at 0.04493412
2019-06-22 13:50:34,484 : INFO : spread too low currently at 0.04493412
2019-06-22 13:50:39,700 : INFO : orderbook received
2019-06-22 13:50:39,700 : INFO : orderbook received
2019-06-22 13:50:41,144 : INFO : orderbook received
2019-06-22 13:50:41,144 : INFO : orderbook received
2019-06-22 13:50:51,374 : INFO : balance for BRIDGE.BTC is 0.0011752767443611422 
2019-06-22 13:50:51,374 : INFO : balance for BRIDGE.BTC is 0.0011752767443611422 
2019-06-22 13:50:51,474 : INFO : spread too low currently at 0.04493412
2019-06-22 13:50:51,474 : INFO : spread too low currently at 0.04493412
2019-06-22 13:50:56,538 : INFO : orderbook received
2019-06-22 13:50:56,538 : INFO : orderbook received
2019-06-22 13:50:57,031 : INFO : balance for BRIDGE.BTC is 0 
2019-06-22 13:50:57,031 : INFO : balance for BRIDGE.BTC is 0 
2019-06-22 13:50:57,231 : INFO : orderbook received
2019-06-22 13:50:57,231 : INFO : orderbook received
2019-06-22 13:50:58,694 : INFO : orderbook received
2019-06-22 13:50:58,694 : INFO : orderbook received
2019-06-22 13:50:58,756 : INFO : orderbook received
2019-06-22 13:50:58,756 : INFO : orderbook received
2019-06-22 13:50:58,777 : INFO : balance for BRIDGE.BTC is 0.0011752767443611422 
2019-06-22 13:50:58,777 : INFO : balance for BRIDGE.BTC is 0.0011752767443611422 
2019-06-22 13:50:59,225 : INFO : balance for BRIDGE.BTC is 0 
2019-06-22 13:50:59,225 : INFO : balance for BRIDGE.BTC is 0 
2019-06-22 13:50:59,341 : INFO : spread too low currently at 0.04493412
2019-06-22 13:50:59,341 : INFO : spread too low currently at 0.04493412
2019-06-22 13:51:04,545 : INFO : orderbook received
2019-06-22 13:51:04,545 : INFO : orderbook received
2019-06-22 13:51:04,584 : INFO : orderbook received
2019-06-22 13:51:04,584 : INFO : orderbook received
2019-06-22 13:51:06,251 : INFO : orderbook received
2019-06-22 13:51:06,251 : INFO : orderbook received
2019-06-22 13:51:06,728 : INFO : balance for BRIDGE.BTC is 0 
2019-06-22 13:51:06,728 : INFO : balance for BRIDGE.BTC is 0 
2019-06-22 13:52:23,618 : INFO : length of asks is 25
2019-06-22 13:52:28,058 : INFO : length of asks is 25
2019-06-22 13:52:28,058 : INFO : length of asks is 25
2019-06-22 13:52:33,137 : INFO : orderbook received
2019-06-22 13:52:33,137 : INFO : orderbook received
2019-06-22 13:52:33,333 : INFO : orderbook received
2019-06-22 13:52:33,333 : INFO : orderbook received
2019-06-22 13:52:33,797 : INFO : balance for BRIDGE.BTC is 0 
2019-06-22 13:52:33,797 : INFO : balance for BRIDGE.BTC is 0 
2019-06-22 13:52:35,384 : INFO : orderbook received
2019-06-22 13:52:35,384 : INFO : orderbook received
2019-06-22 13:52:35,406 : INFO : balance for BRIDGE.BTC is 0.0012847262258666667 
2019-06-22 13:52:35,406 : INFO : balance for BRIDGE.BTC is 0.0012847262258666667 
2019-06-22 13:52:35,481 : INFO : orderbook received
2019-06-22 13:52:35,481 : INFO : orderbook received
2019-06-22 13:52:35,893 : INFO : balance for BRIDGE.BTC is 0 
2019-06-22 13:52:35,893 : INFO : balance for BRIDGE.BTC is 0 
2019-06-22 13:52:35,992 : INFO : spread too low currently at 0.07663273
2019-06-22 13:52:35,992 : INFO : spread too low currently at 0.07663273
2019-06-22 13:52:41,190 : INFO : orderbook received
2019-06-22 13:52:41,190 : INFO : orderbook received
2019-06-22 13:52:42,982 : INFO : orderbook received
2019-06-22 13:52:42,982 : INFO : orderbook received
2019-06-22 13:52:53,213 : INFO : balance for BRIDGE.BTC is 0.0012847262258666667 
2019-06-22 13:52:53,213 : INFO : balance for BRIDGE.BTC is 0.0012847262258666667 
2019-06-22 13:52:53,317 : INFO : spread too low currently at 0.07663273
2019-06-22 13:52:53,317 : INFO : spread too low currently at 0.07663273
2019-06-22 13:52:58,383 : INFO : orderbook received
2019-06-22 13:52:58,383 : INFO : orderbook received
2019-06-22 13:52:58,856 : INFO : balance for BRIDGE.BTC is 0 
2019-06-22 13:52:58,856 : INFO : balance for BRIDGE.BTC is 0 
2019-06-22 13:52:59,050 : INFO : orderbook received
2019-06-22 13:52:59,050 : INFO : orderbook received
2019-06-22 13:53:00,771 : INFO : orderbook received
2019-06-22 13:53:00,771 : INFO : orderbook received
2019-06-22 13:53:00,794 : INFO : balance for BRIDGE.BTC is 0.0012847260365914002 
2019-06-22 13:53:00,794 : INFO : balance for BRIDGE.BTC is 0.0012847260365914002 
2019-06-22 13:53:00,868 : INFO : orderbook received
2019-06-22 13:53:00,868 : INFO : orderbook received
2019-06-22 13:53:01,215 : INFO : balance for BRIDGE.BTC is 0 
2019-06-22 13:53:01,215 : INFO : balance for BRIDGE.BTC is 0 
2019-06-22 13:53:01,319 : INFO : spread too low currently at 0.07663273
2019-06-22 13:53:01,319 : INFO : spread too low currently at 0.07663273
2019-06-22 13:53:06,539 : INFO : orderbook received
2019-06-22 13:53:06,539 : INFO : orderbook received
2019-06-22 13:53:08,134 : INFO : orderbook received
2019-06-22 13:53:08,134 : INFO : orderbook received
2019-06-22 13:53:18,376 : INFO : balance for BRIDGE.BTC is 0.0012847260365914002 
2019-06-22 13:53:18,376 : INFO : balance for BRIDGE.BTC is 0.0012847260365914002 
2019-06-22 13:53:18,489 : INFO : spread too low currently at 0.07663273
2019-06-22 13:53:18,489 : INFO : spread too low currently at 0.07663273
2019-06-22 13:53:23,551 : INFO : orderbook received
2019-06-22 13:53:23,551 : INFO : orderbook received
2019-06-22 13:53:24,011 : INFO : balance for BRIDGE.BTC is 0 
2019-06-22 13:53:24,011 : INFO : balance for BRIDGE.BTC is 0 
2019-06-22 13:53:24,207 : INFO : orderbook received
2019-06-22 13:53:24,207 : INFO : orderbook received
2019-06-22 13:53:25,798 : INFO : orderbook received
2019-06-22 13:53:25,798 : INFO : orderbook received
2019-06-22 13:53:25,864 : INFO : orderbook received
2019-06-22 13:53:25,864 : INFO : orderbook received
2019-06-22 13:53:25,890 : INFO : balance for BRIDGE.BTC is 0.001284598849777778 
2019-06-22 13:53:25,890 : INFO : balance for BRIDGE.BTC is 0.001284598849777778 
2019-06-22 13:53:26,291 : INFO : balance for BRIDGE.BTC is 0 
2019-06-22 13:53:26,291 : INFO : balance for BRIDGE.BTC is 0 
2019-06-22 13:53:26,391 : INFO : spread too low currently at 0.07652580
2019-06-22 13:53:26,391 : INFO : spread too low currently at 0.07652580
2019-06-22 13:53:31,609 : INFO : orderbook received
2019-06-22 13:53:31,609 : INFO : orderbook received
2019-06-22 13:53:31,677 : INFO : orderbook received
2019-06-22 13:53:31,677 : INFO : orderbook received
2019-06-22 13:53:33,485 : INFO : orderbook received
2019-06-22 13:53:33,485 : INFO : orderbook received
2019-06-22 13:53:33,979 : INFO : balance for BRIDGE.BTC is 0 
2019-06-22 13:53:33,979 : INFO : balance for BRIDGE.BTC is 0 
2019-06-22 13:53:44,204 : INFO : balance for BRIDGE.BTC is 0.001284598849777778 
2019-06-22 13:53:44,204 : INFO : balance for BRIDGE.BTC is 0.001284598849777778 
2019-06-22 13:53:44,325 : INFO : spread too low currently at 0.07652580
2019-06-22 13:53:44,325 : INFO : spread too low currently at 0.07652580
2019-06-22 13:53:49,394 : INFO : orderbook received
2019-06-22 13:53:49,394 : INFO : orderbook received
2019-06-22 13:53:49,811 : INFO : balance for BRIDGE.BTC is 0 
2019-06-22 13:53:49,811 : INFO : balance for BRIDGE.BTC is 0 
2019-06-22 13:53:49,926 : INFO : spread too low currently at 0.07652580
2019-06-22 13:53:49,926 : INFO : spread too low currently at 0.07652580
2019-06-22 13:53:55,139 : INFO : orderbook received
2019-06-22 13:53:55,139 : INFO : orderbook received
2019-06-22 13:53:56,883 : INFO : orderbook received
2019-06-22 13:53:56,883 : INFO : orderbook received
2019-06-22 13:53:56,907 : INFO : balance for BRIDGE.BTC is 0.0012845986015984727 
2019-06-22 13:53:56,907 : INFO : balance for BRIDGE.BTC is 0.0012845986015984727 
2019-06-22 13:53:56,996 : INFO : orderbook received
2019-06-22 13:53:56,996 : INFO : orderbook received
2019-06-22 13:53:57,374 : INFO : balance for BRIDGE.BTC is 0 
2019-06-22 13:53:57,374 : INFO : balance for BRIDGE.BTC is 0 
2019-06-22 13:53:57,596 : INFO : orderbook received
2019-06-22 13:53:57,596 : INFO : orderbook received
2019-06-22 13:53:59,128 : INFO : orderbook received
2019-06-22 13:53:59,128 : INFO : orderbook received
2019-06-22 13:54:09,372 : INFO : balance for BRIDGE.BTC is 0.0012845986015984727 
2019-06-22 13:54:09,372 : INFO : balance for BRIDGE.BTC is 0.0012845986015984727 
2019-06-22 13:54:09,494 : INFO : spread too low currently at 0.07652580
2019-06-22 13:54:09,494 : INFO : spread too low currently at 0.07652580
2019-06-22 13:54:14,565 : INFO : orderbook received
2019-06-22 13:54:14,565 : INFO : orderbook received
2019-06-22 13:54:15,058 : INFO : balance for BRIDGE.BTC is 0 
2019-06-22 13:54:15,058 : INFO : balance for BRIDGE.BTC is 0 
2019-06-22 13:54:15,174 : INFO : spread too low currently at 0.05725778
2019-06-22 13:54:15,174 : INFO : spread too low currently at 0.05725778
2019-06-22 13:54:20,380 : INFO : orderbook received
2019-06-22 13:54:20,380 : INFO : orderbook received
2019-06-22 13:54:22,056 : INFO : orderbook received
2019-06-22 13:54:22,056 : INFO : orderbook received
2019-06-22 13:54:22,064 : INFO : balance for BRIDGE.BTC is 0.0012845350530933336 
2019-06-22 13:54:22,064 : INFO : balance for BRIDGE.BTC is 0.0012845350530933336 
2019-06-22 13:54:22,109 : INFO : orderbook received
2019-06-22 13:54:22,109 : INFO : orderbook received
2019-06-22 13:54:22,505 : INFO : balance for BRIDGE.BTC is 0 
2019-06-22 13:54:22,505 : INFO : balance for BRIDGE.BTC is 0 
2019-06-22 13:54:22,688 : INFO : orderbook received
2019-06-22 13:54:22,688 : INFO : orderbook received
2019-06-22 13:54:24,299 : INFO : orderbook received
2019-06-22 13:54:24,299 : INFO : orderbook received
2019-06-22 13:54:24,370 : INFO : orderbook received
2019-06-22 13:54:24,370 : INFO : orderbook received
2019-06-22 13:54:34,566 : INFO : balance for BRIDGE.BTC is 0.0012845342730285715 
2019-06-22 13:54:34,566 : INFO : balance for BRIDGE.BTC is 0.0012845342730285715 
2019-06-22 13:54:34,680 : INFO : spread too low currently at 0.05720528
2019-06-22 13:54:34,680 : INFO : spread too low currently at 0.05720528
2019-06-22 13:54:40,186 : INFO : balance for BRIDGE.BTC is 0 
2019-06-22 13:54:40,186 : INFO : balance for BRIDGE.BTC is 0 
2019-06-22 13:54:40,289 : INFO : spread too low currently at 0.05720528
2019-06-22 13:54:40,289 : INFO : spread too low currently at 0.05720528
2019-06-22 13:54:45,515 : INFO : orderbook received
2019-06-22 13:54:45,515 : INFO : orderbook received
2019-06-22 13:54:45,591 : INFO : orderbook received
2019-06-22 13:54:45,591 : INFO : orderbook received
2019-06-22 13:54:47,166 : INFO : orderbook received
2019-06-22 13:54:47,166 : INFO : orderbook received
2019-06-22 13:54:47,610 : INFO : balance for BRIDGE.BTC is 0 
2019-06-22 13:54:47,610 : INFO : balance for BRIDGE.BTC is 0 
2019-06-22 13:54:47,632 : INFO : balance for BRIDGE.BTC is 0.0012845342730285715 
2019-06-22 13:54:47,632 : INFO : balance for BRIDGE.BTC is 0.0012845342730285715 
2019-06-22 13:54:47,699 : INFO : orderbook received
2019-06-22 13:54:47,699 : INFO : orderbook received
2019-06-22 13:54:48,139 : INFO : balance for BRIDGE.BTC is 0 
2019-06-22 13:54:48,139 : INFO : balance for BRIDGE.BTC is 0 
2019-06-22 13:54:48,190 : INFO : spread too low currently at 0.05720528
2019-06-22 13:54:48,190 : INFO : spread too low currently at 0.05720528
2019-06-22 13:54:53,419 : INFO : orderbook received
2019-06-22 13:54:53,419 : INFO : orderbook received
2019-06-22 13:54:55,079 : INFO : orderbook received
2019-06-22 13:54:55,079 : INFO : orderbook received
2019-06-22 13:55:05,319 : INFO : balance for BRIDGE.BTC is 0.0012845342730285715 
2019-06-22 13:55:05,319 : INFO : balance for BRIDGE.BTC is 0.0012845342730285715 
2019-06-22 13:55:05,426 : INFO : spread too low currently at 0.05720528
2019-06-22 13:55:05,426 : INFO : spread too low currently at 0.05720528
2019-06-22 13:55:10,486 : INFO : orderbook received
2019-06-22 13:55:10,486 : INFO : orderbook received
2019-06-22 13:55:10,916 : INFO : balance for BRIDGE.BTC is 0 
2019-06-22 13:55:10,916 : INFO : balance for BRIDGE.BTC is 0 
2019-06-22 13:55:11,128 : INFO : orderbook received
2019-06-22 13:55:11,128 : INFO : orderbook received
2019-06-22 13:55:12,709 : INFO : orderbook received
2019-06-22 13:55:12,709 : INFO : orderbook received
2019-06-22 13:55:12,733 : INFO : balance for BRIDGE.BTC is 0.0012844709130192936 
2019-06-22 13:55:12,733 : INFO : balance for BRIDGE.BTC is 0.0012844709130192936 
2019-06-22 13:55:12,798 : INFO : orderbook received
2019-06-22 13:55:12,798 : INFO : orderbook received
2019-06-22 13:55:13,181 : INFO : balance for BRIDGE.BTC is 0 
2019-06-22 13:55:13,181 : INFO : balance for BRIDGE.BTC is 0 
2019-06-22 13:55:13,278 : INFO : spread too low currently at 0.05715279
2019-06-22 13:55:13,278 : INFO : spread too low currently at 0.05715279
2019-06-22 13:55:18,493 : INFO : orderbook received
2019-06-22 13:55:18,493 : INFO : orderbook received
2019-06-22 13:55:20,247 : INFO : orderbook received
2019-06-22 13:55:20,247 : INFO : orderbook received
2019-06-22 13:55:30,484 : INFO : balance for BRIDGE.BTC is 0.0012844709130192936 
2019-06-22 13:55:30,484 : INFO : balance for BRIDGE.BTC is 0.0012844709130192936 
2019-06-22 13:55:30,600 : INFO : spread too low currently at 0.05715279
2019-06-22 13:55:30,600 : INFO : spread too low currently at 0.05715279
2019-06-22 13:55:35,669 : INFO : orderbook received
2019-06-22 13:55:35,669 : INFO : orderbook received
2019-06-22 13:55:36,154 : INFO : balance for BRIDGE.BTC is 0 
2019-06-22 13:55:36,154 : INFO : balance for BRIDGE.BTC is 0 
2019-06-22 13:55:36,338 : INFO : orderbook received
2019-06-22 13:55:36,338 : INFO : orderbook received
2019-06-22 13:55:38,122 : INFO : orderbook received
2019-06-22 13:55:38,122 : INFO : orderbook received
2019-06-22 13:55:38,197 : INFO : orderbook received
2019-06-22 13:55:38,197 : INFO : orderbook received
2019-06-22 13:55:38,218 : INFO : balance for BRIDGE.BTC is 0.0012844067060190476 
2019-06-22 13:55:38,218 : INFO : balance for BRIDGE.BTC is 0.0012844067060190476 
2019-06-22 13:55:38,659 : INFO : balance for BRIDGE.BTC is 0 
2019-06-22 13:55:38,659 : INFO : balance for BRIDGE.BTC is 0 
2019-06-22 13:55:38,764 : INFO : spread too low currently at 0.05710030
2019-06-22 13:55:38,764 : INFO : spread too low currently at 0.05710030
2019-06-22 13:55:43,980 : INFO : orderbook received
2019-06-22 13:55:43,980 : INFO : orderbook received
2019-06-22 13:55:44,039 : INFO : orderbook received
2019-06-22 13:55:44,039 : INFO : orderbook received
2019-06-22 13:55:45,670 : INFO : orderbook received
2019-06-22 13:55:45,670 : INFO : orderbook received
2019-06-22 13:55:46,140 : INFO : balance for BRIDGE.BTC is 0 
2019-06-22 13:55:46,140 : INFO : balance for BRIDGE.BTC is 0 
2019-06-22 13:55:56,378 : INFO : balance for BRIDGE.BTC is 0.0012844067060190476 
2019-06-22 13:55:56,378 : INFO : balance for BRIDGE.BTC is 0.0012844067060190476 
2019-06-22 13:55:56,499 : INFO : spread too low currently at 0.05710030
2019-06-22 13:55:56,499 : INFO : spread too low currently at 0.05710030
2019-06-22 13:56:01,578 : INFO : orderbook received
2019-06-22 13:56:01,578 : INFO : orderbook received
2019-06-22 13:56:01,965 : INFO : balance for BRIDGE.BTC is 0 
2019-06-22 13:56:01,965 : INFO : balance for BRIDGE.BTC is 0 
2019-06-22 13:56:02,087 : INFO : spread too low currently at 0.05704781
2019-06-22 13:56:02,087 : INFO : spread too low currently at 0.05704781
2019-06-22 13:56:07,297 : INFO : orderbook received
2019-06-22 13:56:07,297 : INFO : orderbook received
2019-06-22 13:56:08,925 : INFO : orderbook received
2019-06-22 13:56:08,925 : INFO : orderbook received
2019-06-22 13:56:08,949 : INFO : balance for BRIDGE.BTC is 0.001284343295137915 
2019-06-22 13:56:08,949 : INFO : balance for BRIDGE.BTC is 0.001284343295137915 
2019-06-22 13:56:09,019 : INFO : orderbook received
2019-06-22 13:56:09,019 : INFO : orderbook received
2019-06-22 13:56:09,420 : INFO : balance for BRIDGE.BTC is 0 
2019-06-22 13:56:09,420 : INFO : balance for BRIDGE.BTC is 0 
2019-06-22 13:56:09,596 : INFO : orderbook received
2019-06-22 13:56:09,596 : INFO : orderbook received
2019-06-22 13:56:11,291 : INFO : orderbook received
2019-06-22 13:56:11,291 : INFO : orderbook received
2019-06-22 13:56:21,527 : INFO : balance for BRIDGE.BTC is 0.001284343295137915 
2019-06-22 13:56:21,527 : INFO : balance for BRIDGE.BTC is 0.001284343295137915 
2019-06-22 13:56:21,639 : INFO : spread too low currently at 0.05704781
2019-06-22 13:56:21,639 : INFO : spread too low currently at 0.05704781
2019-06-22 13:56:26,706 : INFO : orderbook received
2019-06-22 13:56:26,706 : INFO : orderbook received
2019-06-22 13:56:27,186 : INFO : balance for BRIDGE.BTC is 0 
2019-06-22 13:56:27,186 : INFO : balance for BRIDGE.BTC is 0 
2019-06-22 13:56:27,298 : INFO : spread too low currently at 0.05704781
2019-06-22 13:56:27,298 : INFO : spread too low currently at 0.05704781
2019-06-22 13:56:32,543 : INFO : orderbook received
2019-06-22 13:56:32,543 : INFO : orderbook received
2019-06-22 13:56:34,353 : INFO : orderbook received
2019-06-22 13:56:34,353 : INFO : orderbook received
2019-06-22 13:56:34,376 : INFO : balance for BRIDGE.BTC is 0.001284343295137915 
2019-06-22 13:56:34,376 : INFO : balance for BRIDGE.BTC is 0.001284343295137915 
2019-06-22 13:56:34,448 : INFO : orderbook received
2019-06-22 13:56:34,448 : INFO : orderbook received
2019-06-22 13:56:34,820 : INFO : balance for BRIDGE.BTC is 0 
2019-06-22 13:56:34,820 : INFO : balance for BRIDGE.BTC is 0 
2019-06-22 13:56:34,967 : INFO : orderbook received
2019-06-22 13:56:34,967 : INFO : orderbook received
2019-06-22 13:56:36,953 : INFO : orderbook received
2019-06-22 13:56:36,953 : INFO : orderbook received
2019-06-22 13:56:37,028 : INFO : orderbook received
2019-06-22 13:56:37,028 : INFO : orderbook received
2019-06-22 13:56:47,271 : INFO : balance for BRIDGE.BTC is 0.001284343295137915 
2019-06-22 13:56:47,271 : INFO : balance for BRIDGE.BTC is 0.001284343295137915 
2019-06-22 13:56:47,382 : INFO : spread too low currently at 0.05704781
2019-06-22 13:56:47,382 : INFO : spread too low currently at 0.05704781
2019-06-22 13:56:52,872 : INFO : balance for BRIDGE.BTC is 0 
2019-06-22 13:56:52,872 : INFO : balance for BRIDGE.BTC is 0 
2019-06-22 13:56:52,987 : INFO : spread too low currently at 0.05704781
2019-06-22 13:56:52,987 : INFO : spread too low currently at 0.05704781
2019-06-22 13:56:58,206 : INFO : orderbook received
2019-06-22 13:56:58,206 : INFO : orderbook received
2019-06-22 13:56:58,275 : INFO : orderbook received
2019-06-22 13:56:58,275 : INFO : orderbook received
2019-06-22 13:57:00,047 : INFO : orderbook received
2019-06-22 13:57:00,047 : INFO : orderbook received
2019-06-22 13:57:00,460 : INFO : balance for BRIDGE.BTC is 0 
2019-06-22 13:57:00,460 : INFO : balance for BRIDGE.BTC is 0 
2019-06-22 13:57:00,482 : INFO : balance for BRIDGE.BTC is 0.001284342929904762 
2019-06-22 13:57:00,482 : INFO : balance for BRIDGE.BTC is 0.001284342929904762 
2019-06-22 13:57:00,567 : INFO : orderbook received
2019-06-22 13:57:00,567 : INFO : orderbook received
2019-06-22 13:57:00,949 : INFO : balance for BRIDGE.BTC is 0 
2019-06-22 13:57:00,949 : INFO : balance for BRIDGE.BTC is 0 
2019-06-22 13:57:01,058 : INFO : spread too low currently at 0.05704781
2019-06-22 13:57:01,058 : INFO : spread too low currently at 0.05704781
2019-06-22 13:57:06,288 : INFO : orderbook received
2019-06-22 13:57:06,288 : INFO : orderbook received
2019-06-22 13:57:07,973 : INFO : orderbook received
2019-06-22 13:57:07,973 : INFO : orderbook received
2019-06-22 13:57:18,213 : INFO : balance for BRIDGE.BTC is 0.001284342929904762 
2019-06-22 13:57:18,213 : INFO : balance for BRIDGE.BTC is 0.001284342929904762 
2019-06-22 13:57:18,306 : INFO : spread too low currently at 0.05704781
2019-06-22 13:57:18,306 : INFO : spread too low currently at 0.05704781
2019-06-22 13:57:23,363 : INFO : orderbook received
2019-06-22 13:57:23,363 : INFO : orderbook received
2019-06-22 13:57:23,837 : INFO : balance for BRIDGE.BTC is 0 
2019-06-22 13:57:23,837 : INFO : balance for BRIDGE.BTC is 0 
2019-06-22 13:57:24,043 : INFO : orderbook received
2019-06-22 13:57:24,043 : INFO : orderbook received
2019-06-22 13:57:25,638 : INFO : orderbook received
2019-06-22 13:57:25,638 : INFO : orderbook received
2019-06-22 13:57:25,660 : INFO : balance for BRIDGE.BTC is 0.001284342929904762 
2019-06-22 13:57:25,660 : INFO : balance for BRIDGE.BTC is 0.001284342929904762 
2019-06-22 13:57:25,728 : INFO : orderbook received
2019-06-22 13:57:25,728 : INFO : orderbook received
2019-06-22 13:57:26,158 : INFO : balance for BRIDGE.BTC is 0 
2019-06-22 13:57:26,158 : INFO : balance for BRIDGE.BTC is 0 
2019-06-22 13:57:26,253 : INFO : spread too low currently at 0.05704781
2019-06-22 13:57:26,253 : INFO : spread too low currently at 0.05704781
2019-06-22 13:57:31,468 : INFO : orderbook received
2019-06-22 13:57:31,468 : INFO : orderbook received
2019-06-22 13:57:33,115 : INFO : orderbook received
2019-06-22 13:57:33,115 : INFO : orderbook received
2019-06-22 13:57:43,367 : INFO : balance for BRIDGE.BTC is 0.001284342929904762 
2019-06-22 13:57:43,367 : INFO : balance for BRIDGE.BTC is 0.001284342929904762 
2019-06-22 13:57:43,463 : INFO : spread too low currently at 0.05704781
2019-06-22 13:57:43,463 : INFO : spread too low currently at 0.05704781
2019-06-22 13:57:48,527 : INFO : orderbook received
2019-06-22 13:57:48,527 : INFO : orderbook received
2019-06-22 13:57:48,948 : INFO : balance for BRIDGE.BTC is 0 
2019-06-22 13:57:48,948 : INFO : balance for BRIDGE.BTC is 0 
2019-06-22 13:57:49,163 : INFO : orderbook received
2019-06-22 13:57:49,163 : INFO : orderbook received
2019-06-22 13:57:50,852 : INFO : orderbook received
2019-06-22 13:57:50,852 : INFO : orderbook received
2019-06-22 13:57:50,917 : INFO : orderbook received
2019-06-22 13:57:50,917 : INFO : orderbook received
2019-06-22 13:57:50,943 : INFO : balance for BRIDGE.BTC is 0.001284342929904762 
2019-06-22 13:57:50,943 : INFO : balance for BRIDGE.BTC is 0.001284342929904762 
2019-06-22 13:57:51,355 : INFO : balance for BRIDGE.BTC is 0 
2019-06-22 13:57:51,355 : INFO : balance for BRIDGE.BTC is 0 
2019-06-22 13:57:51,465 : INFO : spread too low currently at 0.05704781
2019-06-22 13:57:51,465 : INFO : spread too low currently at 0.05704781
2019-06-22 13:57:56,680 : INFO : orderbook received
2019-06-22 13:57:56,680 : INFO : orderbook received
2019-06-22 13:57:56,736 : INFO : orderbook received
2019-06-22 13:57:56,736 : INFO : orderbook received
2019-06-22 13:57:58,323 : INFO : orderbook received
2019-06-22 13:57:58,323 : INFO : orderbook received
2019-06-22 13:57:58,672 : INFO : balance for BRIDGE.BTC is 0 
2019-06-22 13:57:58,672 : INFO : balance for BRIDGE.BTC is 0 
2019-06-22 13:58:08,945 : INFO : balance for BRIDGE.BTC is 0.001284342929904762 
2019-06-22 13:58:08,945 : INFO : balance for BRIDGE.BTC is 0.001284342929904762 
2019-06-22 13:58:08,977 : INFO : spread too low currently at 0.05704781
2019-06-22 13:58:08,977 : INFO : spread too low currently at 0.05704781
2019-06-22 13:58:14,048 : INFO : orderbook received
2019-06-22 13:58:14,048 : INFO : orderbook received
2019-06-22 13:58:14,460 : INFO : balance for BRIDGE.BTC is 0 
2019-06-22 13:58:14,460 : INFO : balance for BRIDGE.BTC is 0 
2019-06-22 13:58:14,547 : INFO : spread too low currently at 0.05699533
2019-06-22 13:58:14,547 : INFO : spread too low currently at 0.05699533
