2019-06-27 10:45:35,369 : INFO : length of asks is 25
2019-06-27 10:45:53,731 : INFO : orderbook received
2019-06-27 10:45:57,458 : INFO : orderbook received
2019-06-27 10:45:58,508 : INFO : No balance for BRIDGE.BTC
2019-06-27 10:45:58,508 : INFO : balance for BRIDGE.BTC is 7.187854545454545e-05 
2019-06-27 10:45:59,645 : INFO : orderbook received
2019-06-27 10:46:02,844 : INFO : orderbook received
2019-06-27 10:46:14,464 : INFO : No balance for BRIDGE.BTC
2019-06-27 10:46:14,464 : INFO : balance for BRIDGE.BTC is 7.187854545454545e-05 
2019-06-27 10:46:14,496 : INFO : spread met condition
2019-06-27 10:46:20,767 : INFO : orderbook received
2019-06-27 10:46:23,427 : INFO : orderbook received
2019-06-27 10:46:24,544 : INFO : No balance for BRIDGE.BTC
2019-06-27 10:46:24,544 : INFO : balance for BRIDGE.BTC is 7.187854545454545e-05 
2019-06-27 10:46:26,114 : INFO : orderbook received
2019-06-27 10:46:28,488 : INFO : orderbook received
2019-06-27 10:46:34,735 : INFO : No balance for BRIDGE.BTC
2019-06-27 10:46:34,736 : INFO : balance for BRIDGE.BTC is 7.187854545454545e-05 
2019-06-27 10:46:34,751 : INFO : spread met condition
2019-06-27 10:46:41,504 : INFO : orderbook received
2019-06-27 10:46:43,918 : INFO : orderbook received
2019-06-27 10:46:45,058 : INFO : No balance for BRIDGE.BTC
2019-06-27 10:46:45,059 : INFO : balance for BRIDGE.BTC is 7.187854545454545e-05 
2019-06-27 10:46:46,727 : INFO : orderbook received
2019-06-27 10:46:49,025 : INFO : orderbook received
2019-06-27 10:46:55,891 : INFO : No balance for BRIDGE.BTC
2019-06-27 10:46:55,891 : INFO : balance for BRIDGE.BTC is 7.187854545454545e-05 
2019-06-27 10:46:55,920 : INFO : spread met condition
2019-06-27 10:47:02,714 : INFO : orderbook received
2019-06-27 10:47:05,173 : INFO : orderbook received
2019-06-27 10:47:06,500 : INFO : No balance for BRIDGE.BTC
2019-06-27 10:47:06,500 : INFO : balance for BRIDGE.BTC is 7.187854545454545e-05 
2019-06-27 10:47:07,868 : INFO : orderbook received
2019-06-27 10:47:10,322 : INFO : orderbook received
2019-06-27 10:47:17,006 : INFO : No balance for BRIDGE.BTC
2019-06-27 10:47:17,008 : INFO : balance for BRIDGE.BTC is 7.187854545454545e-05 
2019-06-27 10:47:17,053 : INFO : spread met condition
2019-06-27 10:47:23,675 : INFO : orderbook received
2019-06-27 10:47:26,093 : INFO : orderbook received
2019-06-27 10:47:27,141 : INFO : No balance for BRIDGE.BTC
2019-06-27 10:47:27,141 : INFO : balance for BRIDGE.BTC is 7.187854545454545e-05 
2019-06-27 10:47:28,841 : INFO : orderbook received
2019-06-27 10:47:31,213 : INFO : orderbook received
2019-06-27 10:47:37,608 : INFO : No balance for BRIDGE.BTC
2019-06-27 10:47:37,608 : INFO : balance for BRIDGE.BTC is 7.187854545454545e-05 
2019-06-27 10:47:37,634 : INFO : spread met condition
2019-06-27 10:47:44,285 : INFO : orderbook received
2019-06-27 10:47:46,706 : INFO : orderbook received
2019-06-27 10:47:48,657 : INFO : No balance for BRIDGE.BTC
2019-06-27 10:47:48,657 : INFO : balance for BRIDGE.BTC is 7.187854545454545e-05 
2019-06-27 10:47:50,264 : INFO : orderbook received
2019-06-27 10:47:52,796 : INFO : orderbook received
2019-06-27 10:47:59,087 : INFO : No balance for BRIDGE.BTC
2019-06-27 10:47:59,087 : INFO : balance for BRIDGE.BTC is 7.187854545454545e-05 
2019-06-27 10:47:59,117 : INFO : spread met condition
2019-06-27 10:48:05,665 : INFO : orderbook received
2019-06-27 10:48:08,235 : INFO : orderbook received
2019-06-27 10:48:09,965 : INFO : No balance for BRIDGE.BTC
2019-06-27 10:48:09,966 : INFO : balance for BRIDGE.BTC is 7.187854545454545e-05 
2019-06-27 10:48:11,796 : INFO : orderbook received
2019-06-27 10:48:14,440 : INFO : orderbook received
2019-06-27 10:48:20,727 : INFO : No balance for BRIDGE.BTC
2019-06-27 10:48:20,728 : INFO : balance for BRIDGE.BTC is 7.187854545454545e-05 
2019-06-27 10:48:20,757 : INFO : spread met condition
2019-06-27 10:48:28,538 : INFO : orderbook received
2019-06-27 10:48:31,032 : INFO : orderbook received
2019-06-27 10:48:32,595 : INFO : No balance for BRIDGE.BTC
2019-06-27 10:48:32,596 : INFO : balance for BRIDGE.BTC is 7.187854545454545e-05 
2019-06-27 10:48:39,543 : INFO : orderbook received
2019-06-27 10:48:42,385 : INFO : orderbook received
2019-06-27 10:48:49,426 : INFO : No balance for BRIDGE.BTC
2019-06-27 10:48:49,427 : INFO : balance for BRIDGE.BTC is 7.187854545454545e-05 
2019-06-27 10:48:49,455 : INFO : spread met condition
2019-06-27 10:48:56,186 : INFO : orderbook received
2019-06-27 10:48:58,632 : INFO : orderbook received
2019-06-27 10:48:59,728 : INFO : No balance for BRIDGE.BTC
2019-06-27 10:48:59,728 : INFO : balance for BRIDGE.BTC is 7.187854545454545e-05 
2019-06-27 10:49:06,490 : INFO : orderbook received
2019-06-27 10:49:08,823 : INFO : orderbook received
2019-06-27 10:49:15,268 : INFO : No balance for BRIDGE.BTC
2019-06-27 10:49:15,269 : INFO : balance for BRIDGE.BTC is 7.187854545454545e-05 
2019-06-27 10:49:15,295 : INFO : spread met condition
2019-06-27 10:49:22,217 : INFO : orderbook received
2019-06-27 10:49:24,509 : INFO : orderbook received
2019-06-27 10:49:25,801 : INFO : No balance for BRIDGE.BTC
2019-06-27 10:49:25,801 : INFO : balance for BRIDGE.BTC is 7.187854545454545e-05 
2019-06-27 10:49:32,687 : INFO : orderbook received
2019-06-27 10:49:35,174 : INFO : orderbook received
2019-06-27 10:49:41,640 : INFO : No balance for BRIDGE.BTC
2019-06-27 10:49:41,641 : INFO : balance for BRIDGE.BTC is 7.187854545454545e-05 
2019-06-27 10:49:41,675 : INFO : spread met condition
2019-06-27 10:49:48,660 : INFO : orderbook received
2019-06-27 10:49:51,233 : INFO : orderbook received
2019-06-27 10:49:53,120 : INFO : No balance for BRIDGE.BTC
2019-06-27 10:49:53,121 : INFO : balance for BRIDGE.BTC is 7.187854545454545e-05 
2019-06-27 10:49:59,960 : INFO : orderbook received
2019-06-27 10:50:02,252 : INFO : orderbook received
2019-06-27 10:50:08,555 : INFO : No balance for BRIDGE.BTC
2019-06-27 10:50:08,555 : INFO : balance for BRIDGE.BTC is 7.187854545454545e-05 
2019-06-27 10:50:08,589 : INFO : spread met condition
2019-06-27 10:50:15,585 : INFO : orderbook received
2019-06-27 10:50:18,322 : INFO : orderbook received
2019-06-27 10:50:19,692 : INFO : No balance for BRIDGE.BTC
2019-06-27 10:50:19,692 : INFO : balance for BRIDGE.BTC is 7.187854545454545e-05 
2019-06-27 10:50:26,439 : INFO : orderbook received
2019-06-27 10:50:28,948 : INFO : orderbook received
2019-06-27 10:50:35,203 : INFO : No balance for BRIDGE.BTC
2019-06-27 10:50:35,204 : INFO : balance for BRIDGE.BTC is 7.187854545454545e-05 
2019-06-27 10:50:35,233 : INFO : spread met condition
2019-06-27 10:50:41,872 : INFO : orderbook received
2019-06-27 10:50:44,196 : INFO : orderbook received
2019-06-27 10:50:45,339 : INFO : No balance for BRIDGE.BTC
2019-06-27 10:50:45,340 : INFO : balance for BRIDGE.BTC is 7.187854545454545e-05 
2019-06-27 10:50:52,278 : INFO : orderbook received
2019-06-27 10:50:54,726 : INFO : orderbook received
2019-06-27 10:51:01,591 : INFO : No balance for BRIDGE.BTC
2019-06-27 10:51:01,592 : INFO : balance for BRIDGE.BTC is 7.187854545454545e-05 
2019-06-27 10:51:01,630 : INFO : spread met condition
2019-06-27 10:51:08,819 : INFO : orderbook received
2019-06-27 10:51:11,181 : INFO : orderbook received
2019-06-27 10:51:12,553 : INFO : No balance for BRIDGE.BTC
2019-06-27 10:51:12,553 : INFO : balance for BRIDGE.BTC is 7.187854545454545e-05 
2019-06-27 10:51:19,284 : INFO : orderbook received
2019-06-27 10:51:21,557 : INFO : orderbook received
2019-06-27 10:51:27,863 : INFO : No balance for BRIDGE.BTC
2019-06-27 10:51:27,864 : INFO : balance for BRIDGE.BTC is 7.187854545454545e-05 
2019-06-27 10:51:27,887 : INFO : spread met condition
2019-06-27 10:51:34,787 : INFO : orderbook received
2019-06-27 10:51:37,246 : INFO : orderbook received
2019-06-27 10:51:38,498 : INFO : No balance for BRIDGE.BTC
2019-06-27 10:51:38,498 : INFO : balance for BRIDGE.BTC is 7.187854545454545e-05 
2019-06-27 10:51:45,437 : INFO : orderbook received
2019-06-27 10:51:47,701 : INFO : orderbook received
2019-06-27 10:51:54,088 : INFO : No balance for BRIDGE.BTC
2019-06-27 10:51:54,088 : INFO : balance for BRIDGE.BTC is 7.187854545454545e-05 
2019-06-27 10:51:54,127 : INFO : spread met condition
2019-06-27 10:52:00,985 : INFO : orderbook received
2019-06-27 10:52:03,441 : INFO : orderbook received
2019-06-27 10:52:05,191 : INFO : No balance for BRIDGE.BTC
2019-06-27 10:52:05,191 : INFO : balance for BRIDGE.BTC is 7.187854545454545e-05 
2019-06-27 10:52:11,926 : INFO : orderbook received
2019-06-27 10:52:14,376 : INFO : orderbook received
2019-06-27 10:52:20,789 : INFO : No balance for BRIDGE.BTC
2019-06-27 10:52:20,789 : INFO : balance for BRIDGE.BTC is 7.187854545454545e-05 
2019-06-27 10:52:20,811 : INFO : spread met condition
2019-06-27 10:52:27,675 : INFO : orderbook received
2019-06-27 10:52:30,007 : INFO : orderbook received
2019-06-27 10:52:31,437 : INFO : No balance for BRIDGE.BTC
2019-06-27 10:52:31,438 : INFO : balance for BRIDGE.BTC is 7.187854545454545e-05 
2019-06-27 10:52:38,257 : INFO : orderbook received
2019-06-27 10:52:40,542 : INFO : orderbook received
2019-06-27 10:52:46,765 : INFO : No balance for BRIDGE.BTC
2019-06-27 10:52:46,765 : INFO : balance for BRIDGE.BTC is 7.187854545454545e-05 
2019-06-27 10:52:46,791 : INFO : spread met condition
2019-06-27 10:52:53,529 : INFO : orderbook received
2019-06-27 10:52:55,760 : INFO : orderbook received
2019-06-27 10:52:56,995 : INFO : No balance for BRIDGE.BTC
2019-06-27 10:52:56,996 : INFO : balance for BRIDGE.BTC is 7.187854545454545e-05 
2019-06-27 10:53:04,065 : INFO : orderbook received
2019-06-27 10:53:06,748 : INFO : orderbook received
2019-06-27 10:53:13,794 : INFO : No balance for BRIDGE.BTC
2019-06-27 10:53:13,794 : INFO : balance for BRIDGE.BTC is 7.187854545454545e-05 
2019-06-27 10:53:13,818 : INFO : spread met condition
2019-06-27 10:53:20,602 : INFO : orderbook received
2019-06-27 10:53:23,011 : INFO : orderbook received
2019-06-27 10:53:24,137 : INFO : No balance for BRIDGE.BTC
2019-06-27 10:53:24,137 : INFO : balance for BRIDGE.BTC is 7.187854545454545e-05 
2019-06-27 10:53:30,862 : INFO : orderbook received
2019-06-27 10:53:33,561 : INFO : orderbook received
2019-06-27 10:53:40,017 : INFO : No balance for BRIDGE.BTC
2019-06-27 10:53:40,018 : INFO : balance for BRIDGE.BTC is 7.187854545454545e-05 
2019-06-27 10:53:40,042 : INFO : spread met condition
2019-06-27 10:53:46,866 : INFO : orderbook received
2019-06-27 10:53:49,445 : INFO : orderbook received
2019-06-27 10:53:50,626 : INFO : No balance for BRIDGE.BTC
2019-06-27 10:53:50,626 : INFO : balance for BRIDGE.BTC is 7.187854545454545e-05 
2019-06-27 10:53:57,444 : INFO : orderbook received
2019-06-27 10:53:59,850 : INFO : orderbook received
2019-06-27 10:54:06,310 : INFO : No balance for BRIDGE.BTC
2019-06-27 10:54:06,311 : INFO : balance for BRIDGE.BTC is 7.187854545454545e-05 
2019-06-27 10:54:06,337 : INFO : spread met condition
2019-06-27 10:54:13,135 : INFO : orderbook received
2019-06-27 10:54:15,493 : INFO : orderbook received
2019-06-27 10:54:17,509 : INFO : No balance for BRIDGE.BTC
2019-06-27 10:54:17,510 : INFO : balance for BRIDGE.BTC is 7.187854545454545e-05 
2019-06-27 10:54:24,404 : INFO : orderbook received
2019-06-27 10:54:26,896 : INFO : orderbook received
2019-06-27 10:54:28,367 : INFO : No balance for BRIDGE.BTC
2019-06-27 10:54:28,368 : INFO : balance for BRIDGE.BTC is 7.187854545454545e-05 
2019-06-27 10:54:28,391 : INFO : spread met condition
2019-06-27 10:54:36,042 : INFO : orderbook received
2019-06-27 10:54:38,704 : INFO : orderbook received
2019-06-27 10:54:40,333 : INFO : No balance for BRIDGE.BTC
2019-06-27 10:54:40,333 : INFO : balance for BRIDGE.BTC is 7.187854545454545e-05 
2019-06-27 10:54:46,932 : INFO : orderbook received
2019-06-27 10:54:49,615 : INFO : orderbook received
2019-06-27 10:54:51,304 : INFO : No balance for BRIDGE.BTC
2019-06-27 10:54:51,304 : INFO : balance for BRIDGE.BTC is 7.187854545454545e-05 
2019-06-27 10:54:51,327 : INFO : spread met condition
2019-06-27 10:55:03,272 : INFO : orderbook received
2019-06-27 10:55:05,798 : INFO : orderbook received
2019-06-27 10:55:07,514 : INFO : No balance for BRIDGE.BTC
2019-06-27 10:55:07,514 : INFO : balance for BRIDGE.BTC is 7.187854545454545e-05 
2019-06-27 10:55:12,952 : INFO : orderbook received
2019-06-27 10:55:15,634 : INFO : orderbook received
2019-06-27 10:55:18,387 : INFO : No balance for BRIDGE.BTC
2019-06-27 10:55:18,387 : INFO : balance for BRIDGE.BTC is 7.187854545454545e-05 
2019-06-27 10:55:18,409 : INFO : spread met condition
2019-06-27 10:55:25,247 : INFO : orderbook received
2019-06-27 10:55:28,103 : INFO : orderbook received
2019-06-27 10:55:29,380 : INFO : No balance for BRIDGE.BTC
2019-06-27 10:55:29,380 : INFO : balance for BRIDGE.BTC is 7.187854545454545e-05 
2019-06-27 10:55:31,045 : INFO : orderbook received
2019-06-27 10:55:33,661 : INFO : orderbook received
2019-06-27 10:55:35,106 : INFO : No balance for BRIDGE.BTC
2019-06-27 10:55:35,106 : INFO : balance for BRIDGE.BTC is 7.187854545454545e-05 
2019-06-27 10:55:35,129 : INFO : spread met condition
2019-06-27 10:55:42,969 : INFO : orderbook received
2019-06-27 10:55:45,496 : INFO : orderbook received
2019-06-27 10:55:46,873 : INFO : No balance for BRIDGE.BTC
2019-06-27 10:55:46,874 : INFO : balance for BRIDGE.BTC is 7.187854545454545e-05 
2019-06-27 10:55:48,266 : INFO : orderbook received
2019-06-27 10:55:51,034 : INFO : orderbook received
2019-06-27 10:55:52,652 : INFO : No balance for BRIDGE.BTC
2019-06-27 10:55:52,652 : INFO : balance for BRIDGE.BTC is 7.187854545454545e-05 
2019-06-27 10:55:52,680 : INFO : spread met condition
2019-06-27 10:55:59,402 : INFO : orderbook received
2019-06-27 10:56:02,685 : INFO : orderbook received
2019-06-27 10:56:05,600 : INFO : No balance for BRIDGE.BTC
2019-06-27 10:56:05,601 : INFO : balance for BRIDGE.BTC is 7.187854545454545e-05 
2019-06-27 10:56:08,762 : INFO : orderbook received
2019-06-27 10:56:12,657 : INFO : orderbook received
2019-06-27 10:56:14,280 : INFO : No balance for BRIDGE.BTC
2019-06-27 10:56:14,280 : INFO : balance for BRIDGE.BTC is 7.187854545454545e-05 
2019-06-27 10:56:14,300 : INFO : spread met condition
2019-06-27 10:56:20,873 : INFO : orderbook received
2019-06-27 10:56:23,410 : INFO : orderbook received
2019-06-27 10:56:25,281 : INFO : No balance for BRIDGE.BTC
2019-06-27 10:56:25,281 : INFO : balance for BRIDGE.BTC is 7.187854545454545e-05 
2019-06-27 10:56:26,739 : INFO : orderbook received
2019-06-27 10:56:29,238 : INFO : orderbook received
2019-06-27 10:56:30,769 : INFO : No balance for BRIDGE.BTC
2019-06-27 10:56:30,769 : INFO : balance for BRIDGE.BTC is 7.187854545454545e-05 
2019-06-27 10:56:30,789 : INFO : spread met condition
2019-06-27 10:56:37,869 : INFO : orderbook received
2019-06-27 10:56:41,749 : INFO : orderbook received
2019-06-27 10:56:43,817 : INFO : No balance for BRIDGE.BTC
2019-06-27 10:56:43,818 : INFO : balance for BRIDGE.BTC is 7.187854545454545e-05 
2019-06-27 10:56:45,950 : INFO : orderbook received
2019-06-27 10:56:49,151 : INFO : orderbook received
2019-06-27 10:56:51,242 : INFO : No balance for BRIDGE.BTC
2019-06-27 10:56:51,242 : INFO : balance for BRIDGE.BTC is 7.187854545454545e-05 
2019-06-27 10:56:51,262 : INFO : spread met condition
2019-06-27 10:56:58,812 : INFO : orderbook received
2019-06-27 10:57:01,535 : INFO : orderbook received
2019-06-27 10:57:02,634 : INFO : No balance for BRIDGE.BTC
2019-06-27 10:57:02,635 : INFO : balance for BRIDGE.BTC is 7.187854545454545e-05 
2019-06-27 10:57:04,533 : INFO : orderbook received
2019-06-27 10:57:06,917 : INFO : orderbook received
2019-06-27 10:57:08,178 : INFO : No balance for BRIDGE.BTC
2019-06-27 10:57:08,178 : INFO : balance for BRIDGE.BTC is 7.187854545454545e-05 
2019-06-27 10:57:08,202 : INFO : spread met condition
2019-06-27 10:57:14,746 : INFO : orderbook received
2019-06-27 10:57:17,452 : INFO : orderbook received
2019-06-27 10:57:19,284 : INFO : No balance for BRIDGE.BTC
2019-06-27 10:57:19,284 : INFO : balance for BRIDGE.BTC is 7.187854545454545e-05 
2019-06-27 10:57:20,849 : INFO : orderbook received
2019-06-27 10:57:24,083 : INFO : orderbook received
2019-06-27 10:57:26,110 : INFO : No balance for BRIDGE.BTC
2019-06-27 10:57:26,111 : INFO : balance for BRIDGE.BTC is 7.187854545454545e-05 
2019-06-27 10:57:26,129 : INFO : spread met condition
2019-06-27 10:57:32,772 : INFO : orderbook received
2019-06-27 10:57:35,388 : INFO : orderbook received
2019-06-27 10:57:37,378 : INFO : No balance for BRIDGE.BTC
2019-06-27 10:57:37,379 : INFO : balance for BRIDGE.BTC is 7.187854545454545e-05 
2019-06-27 10:57:38,979 : INFO : orderbook received
2019-06-27 10:57:41,710 : INFO : orderbook received
2019-06-27 10:57:43,295 : INFO : No balance for BRIDGE.BTC
2019-06-27 10:57:43,295 : INFO : balance for BRIDGE.BTC is 7.187854545454545e-05 
2019-06-27 10:57:43,318 : INFO : spread met condition
2019-06-27 10:57:51,008 : INFO : orderbook received
2019-06-27 10:57:55,534 : INFO : orderbook received
2019-06-27 10:57:56,951 : INFO : No balance for BRIDGE.BTC
2019-06-27 10:57:56,951 : INFO : balance for BRIDGE.BTC is 7.187854545454545e-05 
2019-06-27 10:57:59,001 : INFO : orderbook received
2019-06-27 10:58:02,624 : INFO : orderbook received
2019-06-27 10:58:05,139 : INFO : No balance for BRIDGE.BTC
2019-06-27 10:58:05,139 : INFO : balance for BRIDGE.BTC is 7.187854545454545e-05 
2019-06-27 10:58:05,164 : INFO : spread met condition
2019-06-27 10:58:11,915 : INFO : orderbook received
2019-06-27 10:58:14,500 : INFO : orderbook received
2019-06-27 10:58:16,009 : INFO : No balance for BRIDGE.BTC
2019-06-27 10:58:16,009 : INFO : balance for BRIDGE.BTC is 7.187854545454545e-05 
2019-06-27 10:58:17,554 : INFO : orderbook received
2019-06-27 10:58:20,246 : INFO : orderbook received
2019-06-27 10:58:22,545 : INFO : No balance for BRIDGE.BTC
2019-06-27 10:58:22,546 : INFO : balance for BRIDGE.BTC is 7.187854545454545e-05 
2019-06-27 10:58:22,571 : INFO : spread met condition
2019-06-27 10:58:29,611 : INFO : orderbook received
2019-06-27 10:58:32,239 : INFO : orderbook received
2019-06-27 10:58:33,571 : INFO : No balance for BRIDGE.BTC
2019-06-27 10:58:33,571 : INFO : balance for BRIDGE.BTC is 7.187854545454545e-05 
2019-06-27 10:58:35,108 : INFO : orderbook received
2019-06-27 10:58:37,958 : INFO : orderbook received
2019-06-27 10:58:39,703 : INFO : No balance for BRIDGE.BTC
2019-06-27 10:58:39,704 : INFO : balance for BRIDGE.BTC is 7.187854545454545e-05 
2019-06-27 10:58:39,732 : INFO : spread met condition
2019-06-27 10:58:46,983 : INFO : orderbook received
2019-06-27 10:58:49,782 : INFO : orderbook received
2019-06-27 10:58:51,246 : INFO : No balance for BRIDGE.BTC
2019-06-27 10:58:51,246 : INFO : balance for BRIDGE.BTC is 7.187854545454545e-05 
2019-06-27 10:58:53,006 : INFO : orderbook received
2019-06-27 10:58:55,759 : INFO : orderbook received
2019-06-27 10:59:02,633 : INFO : No balance for BRIDGE.BTC
2019-06-27 10:59:02,633 : INFO : balance for BRIDGE.BTC is 7.187854545454545e-05 
2019-06-27 10:59:02,659 : INFO : spread met condition
2019-06-27 10:59:09,450 : INFO : orderbook received
2019-06-27 10:59:12,194 : INFO : orderbook received
2019-06-27 10:59:14,333 : INFO : No balance for BRIDGE.BTC
2019-06-27 10:59:14,333 : INFO : balance for BRIDGE.BTC is 7.187854545454545e-05 
2019-06-27 10:59:16,153 : INFO : orderbook received
2019-06-27 10:59:18,841 : INFO : orderbook received
2019-06-27 10:59:25,160 : INFO : No balance for BRIDGE.BTC
2019-06-27 10:59:25,160 : INFO : balance for BRIDGE.BTC is 7.187854545454545e-05 
2019-06-27 10:59:25,181 : INFO : spread met condition
2019-06-27 10:59:32,269 : INFO : orderbook received
2019-06-27 10:59:35,095 : INFO : orderbook received
2019-06-27 10:59:36,452 : INFO : No balance for BRIDGE.BTC
2019-06-27 10:59:36,452 : INFO : balance for BRIDGE.BTC is 7.187854545454545e-05 
2019-06-27 10:59:38,070 : INFO : orderbook received
2019-06-27 10:59:40,680 : INFO : orderbook received
2019-06-27 10:59:47,331 : INFO : No balance for BRIDGE.BTC
2019-06-27 10:59:47,331 : INFO : balance for BRIDGE.BTC is 7.187854545454545e-05 
2019-06-27 10:59:47,350 : INFO : spread met condition
2019-06-27 10:59:54,247 : INFO : orderbook received
2019-06-27 10:59:57,167 : INFO : orderbook received
2019-06-27 10:59:59,055 : INFO : No balance for BRIDGE.BTC
2019-06-27 10:59:59,055 : INFO : balance for BRIDGE.BTC is 7.187854545454545e-05 
2019-06-27 11:00:01,407 : INFO : orderbook received
2019-06-27 11:00:04,011 : INFO : orderbook received
2019-06-27 11:00:11,068 : INFO : No balance for BRIDGE.BTC
2019-06-27 11:00:11,068 : INFO : balance for BRIDGE.BTC is 7.187854545454545e-05 
2019-06-27 11:00:11,096 : INFO : spread met condition
2019-06-27 11:00:17,956 : INFO : orderbook received
2019-06-27 11:00:20,655 : INFO : orderbook received
2019-06-27 11:00:22,044 : INFO : No balance for BRIDGE.BTC
2019-06-27 11:00:22,044 : INFO : balance for BRIDGE.BTC is 7.187854545454545e-05 
2019-06-27 11:00:23,850 : INFO : orderbook received
2019-06-27 11:00:28,439 : INFO : orderbook received
2019-06-27 11:00:34,844 : INFO : No balance for BRIDGE.BTC
2019-06-27 11:00:34,844 : INFO : balance for BRIDGE.BTC is 7.187854545454545e-05 
2019-06-27 11:00:34,866 : INFO : spread met condition
2019-06-27 11:00:41,665 : INFO : orderbook received
2019-06-27 11:00:44,785 : INFO : orderbook received
2019-06-27 11:00:46,472 : INFO : No balance for BRIDGE.BTC
2019-06-27 11:00:46,472 : INFO : balance for BRIDGE.BTC is 7.187854545454545e-05 
2019-06-27 11:00:48,057 : INFO : orderbook received
2019-06-27 11:00:50,864 : INFO : orderbook received
2019-06-27 11:00:57,764 : INFO : No balance for BRIDGE.BTC
2019-06-27 11:00:57,764 : INFO : balance for BRIDGE.BTC is 7.187854545454545e-05 
2019-06-27 11:00:57,789 : INFO : spread met condition
2019-06-27 11:01:04,633 : INFO : orderbook received
2019-06-27 11:01:07,530 : INFO : orderbook received
2019-06-27 11:01:09,417 : INFO : No balance for BRIDGE.BTC
2019-06-27 11:01:09,418 : INFO : balance for BRIDGE.BTC is 7.187854545454545e-05 
2019-06-27 11:01:11,194 : INFO : orderbook received
2019-06-27 11:01:14,331 : INFO : orderbook received
2019-06-27 11:01:20,914 : INFO : No balance for BRIDGE.BTC
2019-06-27 11:01:20,915 : INFO : balance for BRIDGE.BTC is 7.187854545454545e-05 
2019-06-27 11:01:20,942 : INFO : spread met condition
2019-06-27 11:01:28,085 : INFO : orderbook received
2019-06-27 11:01:30,932 : INFO : orderbook received
2019-06-27 11:01:32,209 : INFO : No balance for BRIDGE.BTC
2019-06-27 11:01:32,209 : INFO : balance for BRIDGE.BTC is 7.187854545454545e-05 
2019-06-27 11:01:33,985 : INFO : orderbook received
2019-06-27 11:01:36,801 : INFO : orderbook received
2019-06-27 11:01:43,414 : INFO : No balance for BRIDGE.BTC
2019-06-27 11:01:43,414 : INFO : balance for BRIDGE.BTC is 7.187854545454545e-05 
2019-06-27 11:01:43,444 : INFO : spread met condition
2019-06-27 11:01:49,947 : INFO : orderbook received
2019-06-27 11:01:52,613 : INFO : orderbook received
2019-06-27 11:01:53,989 : INFO : No balance for BRIDGE.BTC
2019-06-27 11:01:53,989 : INFO : balance for BRIDGE.BTC is 7.187854545454545e-05 
2019-06-27 11:01:55,550 : INFO : orderbook received
2019-06-27 11:01:58,154 : INFO : orderbook received
2019-06-27 11:02:05,106 : INFO : No balance for BRIDGE.BTC
2019-06-27 11:02:05,107 : INFO : balance for BRIDGE.BTC is 7.187854545454545e-05 
2019-06-27 11:02:05,126 : INFO : spread met condition
2019-06-27 11:02:11,760 : INFO : orderbook received
2019-06-27 11:02:14,298 : INFO : orderbook received
2019-06-27 11:02:15,496 : INFO : No balance for BRIDGE.BTC
2019-06-27 11:02:15,496 : INFO : balance for BRIDGE.BTC is 7.187854545454545e-05 
2019-06-27 11:02:16,993 : INFO : orderbook received
2019-06-27 11:02:19,497 : INFO : orderbook received
2019-06-27 11:02:25,850 : INFO : No balance for BRIDGE.BTC
2019-06-27 11:02:25,850 : INFO : balance for BRIDGE.BTC is 7.187854545454545e-05 
2019-06-27 11:02:25,871 : INFO : spread met condition
2019-06-27 11:02:32,419 : INFO : orderbook received
2019-06-27 11:02:35,251 : INFO : orderbook received
2019-06-27 11:02:37,511 : INFO : No balance for BRIDGE.BTC
2019-06-27 11:02:37,511 : INFO : balance for BRIDGE.BTC is 7.187854545454545e-05 
2019-06-27 11:02:39,575 : INFO : orderbook received
2019-06-27 11:02:42,456 : INFO : orderbook received
2019-06-27 11:02:49,195 : INFO : No balance for BRIDGE.BTC
2019-06-27 11:02:49,196 : INFO : balance for BRIDGE.BTC is 7.187854545454545e-05 
2019-06-27 11:02:49,220 : INFO : spread met condition
2019-06-27 11:02:56,052 : INFO : orderbook received
2019-06-27 11:02:58,796 : INFO : orderbook received
2019-06-27 11:03:00,734 : INFO : No balance for BRIDGE.BTC
2019-06-27 11:03:00,735 : INFO : balance for BRIDGE.BTC is 7.187854545454545e-05 
2019-06-27 11:03:02,188 : INFO : orderbook received
2019-06-27 11:03:04,746 : INFO : orderbook received
2019-06-27 11:03:10,951 : INFO : No balance for BRIDGE.BTC
2019-06-27 11:03:10,951 : INFO : balance for BRIDGE.BTC is 7.187854545454545e-05 
2019-06-27 11:03:10,970 : INFO : spread met condition
2019-06-27 11:03:23,463 : INFO : orderbook received
2019-06-27 11:03:26,028 : INFO : orderbook received
2019-06-27 11:03:27,455 : INFO : No balance for BRIDGE.BTC
2019-06-27 11:03:27,456 : INFO : balance for BRIDGE.BTC is 7.187854545454545e-05 
2019-06-27 11:03:29,068 : INFO : orderbook received
2019-06-27 11:03:31,547 : INFO : orderbook received
2019-06-27 11:03:43,981 : INFO : No balance for BRIDGE.BTC
2019-06-27 11:03:43,982 : INFO : balance for BRIDGE.BTC is 7.187854545454545e-05 
2019-06-27 11:03:44,006 : INFO : spread met condition
2019-06-27 11:03:57,930 : INFO : orderbook received
2019-06-27 11:04:00,506 : INFO : orderbook received
2019-06-27 11:04:01,797 : INFO : No balance for BRIDGE.BTC
2019-06-27 11:04:01,798 : INFO : balance for BRIDGE.BTC is 7.187854545454545e-05 
2019-06-27 11:04:03,425 : INFO : orderbook received
2019-06-27 11:04:08,741 : INFO : orderbook received
2019-06-27 11:04:21,113 : INFO : No balance for BRIDGE.BTC
2019-06-27 11:04:21,113 : INFO : balance for BRIDGE.BTC is 7.187854545454545e-05 
2019-06-27 11:04:21,147 : INFO : spread met condition
2019-06-27 11:04:32,809 : INFO : orderbook received
2019-06-27 11:04:35,276 : INFO : orderbook received
2019-06-27 11:04:36,754 : INFO : No balance for BRIDGE.BTC
2019-06-27 11:04:36,755 : INFO : balance for BRIDGE.BTC is 7.187854545454545e-05 
2019-06-27 11:04:38,281 : INFO : orderbook received
2019-06-27 11:04:40,884 : INFO : orderbook received
2019-06-27 11:04:52,199 : INFO : No balance for BRIDGE.BTC
2019-06-27 11:04:52,200 : INFO : balance for BRIDGE.BTC is 7.187854545454545e-05 
2019-06-27 11:04:52,226 : INFO : spread met condition
2019-06-27 11:05:03,818 : INFO : orderbook received
2019-06-27 11:05:05,956 : INFO : orderbook received
2019-06-27 11:05:07,740 : INFO : No balance for BRIDGE.BTC
2019-06-27 11:05:07,741 : INFO : balance for BRIDGE.BTC is 7.187854545454545e-05 
2019-06-27 11:05:09,157 : INFO : orderbook received
2019-06-27 11:05:11,667 : INFO : orderbook received
2019-06-27 11:05:23,307 : INFO : No balance for BRIDGE.BTC
2019-06-27 11:05:23,307 : INFO : balance for BRIDGE.BTC is 7.187854545454545e-05 
2019-06-27 11:05:23,330 : INFO : spread met condition
2019-06-27 11:05:34,852 : INFO : orderbook received
2019-06-27 11:05:37,452 : INFO : orderbook received
2019-06-27 11:05:39,404 : INFO : No balance for BRIDGE.BTC
2019-06-27 11:05:39,404 : INFO : balance for BRIDGE.BTC is 7.187854545454545e-05 
2019-06-27 11:05:40,986 : INFO : orderbook received
2019-06-27 11:05:43,320 : INFO : orderbook received
2019-06-27 11:05:54,850 : INFO : No balance for BRIDGE.BTC
2019-06-27 11:05:54,850 : INFO : balance for BRIDGE.BTC is 7.187854545454545e-05 
2019-06-27 11:05:54,882 : INFO : spread met condition
2019-06-27 11:06:06,929 : INFO : orderbook received
2019-06-27 11:06:09,297 : INFO : orderbook received
2019-06-27 11:06:10,671 : INFO : No balance for BRIDGE.BTC
2019-06-27 11:06:10,671 : INFO : balance for BRIDGE.BTC is 7.187854545454545e-05 
2019-06-27 11:06:12,183 : INFO : orderbook received
2019-06-27 11:06:14,842 : INFO : orderbook received
2019-06-27 11:06:26,318 : INFO : No balance for BRIDGE.BTC
2019-06-27 11:06:26,318 : INFO : balance for BRIDGE.BTC is 7.187854545454545e-05 
2019-06-27 11:06:26,344 : INFO : spread met condition
2019-06-27 11:06:37,974 : INFO : orderbook received
2019-06-27 11:06:40,682 : INFO : orderbook received
2019-06-27 11:06:42,061 : INFO : No balance for BRIDGE.BTC
2019-06-27 11:06:42,062 : INFO : balance for BRIDGE.BTC is 7.187854545454545e-05 
2019-06-27 11:06:43,633 : INFO : orderbook received
2019-06-27 11:06:46,587 : INFO : orderbook received
2019-06-27 11:07:03,943 : INFO : No balance for BRIDGE.BTC
2019-06-27 11:07:03,943 : INFO : balance for BRIDGE.BTC is 7.187854545454545e-05 
2019-06-27 11:07:03,960 : INFO : spread met condition
2019-06-27 11:07:15,720 : INFO : orderbook received
2019-06-27 11:07:18,599 : INFO : orderbook received
2019-06-27 11:07:20,094 : INFO : No balance for BRIDGE.BTC
2019-06-27 11:07:20,095 : INFO : balance for BRIDGE.BTC is 7.187854545454545e-05 
2019-06-27 11:07:21,678 : INFO : orderbook received
2019-06-27 11:07:24,316 : INFO : orderbook received
2019-06-27 11:07:40,689 : INFO : No balance for BRIDGE.BTC
2019-06-27 11:07:40,689 : INFO : balance for BRIDGE.BTC is 7.187854545454545e-05 
2019-06-27 11:07:40,713 : INFO : spread met condition
2019-06-27 11:07:52,696 : INFO : orderbook received
2019-06-27 11:07:55,380 : INFO : orderbook received
2019-06-27 11:07:56,915 : INFO : No balance for BRIDGE.BTC
2019-06-27 11:07:56,915 : INFO : balance for BRIDGE.BTC is 7.187854545454545e-05 
2019-06-27 11:07:58,628 : INFO : orderbook received
2019-06-27 11:08:01,601 : INFO : orderbook received
2019-06-27 11:08:18,128 : INFO : No balance for BRIDGE.BTC
2019-06-27 11:08:18,128 : INFO : balance for BRIDGE.BTC is 7.187854545454545e-05 
2019-06-27 11:08:18,152 : INFO : spread met condition
2019-06-27 11:08:29,773 : INFO : orderbook received
2019-06-27 11:08:32,363 : INFO : orderbook received
2019-06-27 11:08:34,862 : INFO : No balance for BRIDGE.BTC
2019-06-27 11:08:34,863 : INFO : balance for BRIDGE.BTC is 7.187854545454545e-05 
2019-06-27 11:08:36,686 : INFO : orderbook received
2019-06-27 11:08:39,619 : INFO : orderbook received
2019-06-27 11:08:56,254 : INFO : No balance for BRIDGE.BTC
2019-06-27 11:08:56,255 : INFO : balance for BRIDGE.BTC is 7.187854545454545e-05 
2019-06-27 11:08:56,277 : INFO : spread met condition
2019-06-27 11:09:07,954 : INFO : orderbook received
2019-06-27 11:09:10,455 : INFO : orderbook received
2019-06-27 11:09:11,909 : INFO : No balance for BRIDGE.BTC
2019-06-27 11:09:11,910 : INFO : balance for BRIDGE.BTC is 7.187854545454545e-05 
2019-06-27 11:09:13,537 : INFO : orderbook received
2019-06-27 11:09:15,962 : INFO : orderbook received
2019-06-27 11:09:32,413 : INFO : No balance for BRIDGE.BTC
2019-06-27 11:09:32,413 : INFO : balance for BRIDGE.BTC is 7.187854545454545e-05 
2019-06-27 11:09:32,436 : INFO : spread met condition
2019-06-27 11:09:44,209 : INFO : orderbook received
2019-06-27 11:09:46,991 : INFO : orderbook received
2019-06-27 11:09:48,866 : INFO : No balance for BRIDGE.BTC
2019-06-27 11:09:48,866 : INFO : balance for BRIDGE.BTC is 7.187854545454545e-05 
2019-06-27 11:09:50,347 : INFO : orderbook received
2019-06-27 11:09:53,008 : INFO : orderbook received
2019-06-27 11:10:10,369 : INFO : No balance for BRIDGE.BTC
2019-06-27 11:10:10,369 : INFO : balance for BRIDGE.BTC is 7.187854545454545e-05 
2019-06-27 11:10:10,406 : INFO : spread met condition
2019-06-27 11:10:22,429 : INFO : orderbook received
2019-06-27 11:10:25,604 : INFO : orderbook received
2019-06-27 11:10:27,089 : INFO : No balance for BRIDGE.BTC
2019-06-27 11:10:27,089 : INFO : balance for BRIDGE.BTC is 7.187854545454545e-05 
2019-06-27 11:10:29,051 : INFO : orderbook received
2019-06-27 11:10:31,506 : INFO : orderbook received
2019-06-27 11:10:47,776 : INFO : No balance for BRIDGE.BTC
2019-06-27 11:10:47,776 : INFO : balance for BRIDGE.BTC is 7.187854545454545e-05 
2019-06-27 11:10:47,797 : INFO : spread met condition
2019-06-27 11:10:59,843 : INFO : orderbook received
2019-06-27 11:11:02,558 : INFO : orderbook received
2019-06-27 11:11:03,844 : INFO : No balance for BRIDGE.BTC
2019-06-27 11:11:03,844 : INFO : balance for BRIDGE.BTC is 7.187854545454545e-05 
2019-06-27 11:11:05,428 : INFO : orderbook received
2019-06-27 11:11:08,410 : INFO : orderbook received
2019-06-27 11:11:25,217 : INFO : No balance for BRIDGE.BTC
2019-06-27 11:11:25,218 : INFO : balance for BRIDGE.BTC is 7.187854545454545e-05 
2019-06-27 11:11:25,240 : INFO : spread met condition
2019-06-27 11:11:37,157 : INFO : orderbook received
2019-06-27 11:11:40,188 : INFO : orderbook received
2019-06-27 11:11:42,547 : INFO : No balance for BRIDGE.BTC
2019-06-27 11:11:42,548 : INFO : balance for BRIDGE.BTC is 7.187854545454545e-05 
2019-06-27 11:11:44,053 : INFO : orderbook received
2019-06-27 11:11:46,959 : INFO : orderbook received
2019-06-27 11:12:04,106 : INFO : No balance for BRIDGE.BTC
2019-06-27 11:12:04,107 : INFO : balance for BRIDGE.BTC is 7.187854545454545e-05 
2019-06-27 11:12:04,132 : INFO : spread met condition
2019-06-27 11:12:17,026 : INFO : orderbook received
2019-06-27 11:12:19,565 : INFO : orderbook received
2019-06-27 11:12:20,703 : INFO : No balance for BRIDGE.BTC
2019-06-27 11:12:20,703 : INFO : balance for BRIDGE.BTC is 7.187854545454545e-05 
2019-06-27 11:12:22,535 : INFO : orderbook received
2019-06-27 11:12:24,923 : INFO : orderbook received
2019-06-27 11:12:41,216 : INFO : No balance for BRIDGE.BTC
2019-06-27 11:12:41,217 : INFO : balance for BRIDGE.BTC is 7.187854545454545e-05 
2019-06-27 11:12:41,239 : INFO : spread met condition
2019-06-27 11:12:57,877 : INFO : orderbook received
2019-06-27 11:13:00,216 : INFO : orderbook received
2019-06-27 11:13:01,748 : INFO : No balance for BRIDGE.BTC
2019-06-27 11:13:01,748 : INFO : balance for BRIDGE.BTC is 7.187854545454545e-05 
2019-06-27 11:13:03,312 : INFO : orderbook received
2019-06-27 11:13:05,904 : INFO : orderbook received
2019-06-27 11:13:23,241 : INFO : No balance for BRIDGE.BTC
2019-06-27 11:13:23,243 : INFO : balance for BRIDGE.BTC is 7.187854545454545e-05 
2019-06-27 11:13:23,286 : INFO : spread met condition
2019-06-27 11:13:37,832 : INFO : orderbook received
2019-06-27 11:13:40,906 : INFO : orderbook received
2019-06-27 11:13:42,408 : INFO : No balance for BRIDGE.BTC
2019-06-27 11:13:42,408 : INFO : balance for BRIDGE.BTC is 7.187854545454545e-05 
2019-06-27 11:13:43,806 : INFO : orderbook received
2019-06-27 11:13:46,964 : INFO : orderbook received
2019-06-27 11:14:03,711 : INFO : No balance for BRIDGE.BTC
2019-06-27 11:14:03,712 : INFO : balance for BRIDGE.BTC is 7.187854545454545e-05 
2019-06-27 11:14:03,748 : INFO : spread met condition
2019-06-27 11:14:15,557 : INFO : orderbook received
2019-06-27 11:14:17,986 : INFO : orderbook received
2019-06-27 11:14:19,509 : INFO : No balance for BRIDGE.BTC
2019-06-27 11:14:19,510 : INFO : balance for BRIDGE.BTC is 7.187854545454545e-05 
2019-06-27 11:14:20,965 : INFO : orderbook received
2019-06-27 11:14:23,541 : INFO : orderbook received
2019-06-27 11:14:39,973 : INFO : No balance for BRIDGE.BTC
2019-06-27 11:14:39,973 : INFO : balance for BRIDGE.BTC is 7.187854545454545e-05 
2019-06-27 11:14:39,997 : INFO : spread met condition
2019-06-27 11:14:51,601 : INFO : orderbook received
2019-06-27 11:14:54,021 : INFO : orderbook received
2019-06-27 11:14:55,905 : INFO : No balance for BRIDGE.BTC
2019-06-27 11:14:55,906 : INFO : balance for BRIDGE.BTC is 7.187854545454545e-05 
2019-06-27 11:14:57,680 : INFO : orderbook received
2019-06-27 11:15:00,004 : INFO : orderbook received
2019-06-27 11:15:16,243 : INFO : No balance for BRIDGE.BTC
2019-06-27 11:15:16,243 : INFO : balance for BRIDGE.BTC is 7.187854545454545e-05 
2019-06-27 11:15:16,268 : INFO : spread met condition
2019-06-27 11:15:28,005 : INFO : orderbook received
2019-06-27 11:15:31,060 : INFO : orderbook received
2019-06-27 11:15:32,669 : INFO : No balance for BRIDGE.BTC
2019-06-27 11:15:32,669 : INFO : balance for BRIDGE.BTC is 7.187854545454545e-05 
2019-06-27 11:15:34,487 : INFO : orderbook received
2019-06-27 11:15:37,235 : INFO : orderbook received
2019-06-27 11:15:53,862 : INFO : No balance for BRIDGE.BTC
2019-06-27 11:15:53,863 : INFO : balance for BRIDGE.BTC is 7.187854545454545e-05 
2019-06-27 11:15:53,889 : INFO : spread met condition
2019-06-27 11:16:05,743 : INFO : orderbook received
2019-06-27 11:16:08,398 : INFO : orderbook received
2019-06-27 11:16:09,712 : INFO : No balance for BRIDGE.BTC
2019-06-27 11:16:09,712 : INFO : balance for BRIDGE.BTC is 7.187854545454545e-05 
2019-06-27 11:16:11,189 : INFO : orderbook received
2019-06-27 11:16:14,802 : INFO : orderbook received
2019-06-27 11:16:32,332 : INFO : No balance for BRIDGE.BTC
2019-06-27 11:16:32,333 : INFO : balance for BRIDGE.BTC is 7.187854545454545e-05 
2019-06-27 11:16:32,360 : INFO : spread met condition
2019-06-27 11:16:44,026 : INFO : orderbook received
2019-06-27 11:16:46,907 : INFO : orderbook received
2019-06-27 11:16:48,035 : INFO : No balance for BRIDGE.BTC
2019-06-27 11:16:48,035 : INFO : balance for BRIDGE.BTC is 7.187854545454545e-05 
2019-06-27 11:16:49,681 : INFO : orderbook received
2019-06-27 11:16:52,351 : INFO : orderbook received
2019-06-27 11:17:08,851 : INFO : No balance for BRIDGE.BTC
2019-06-27 11:17:08,851 : INFO : balance for BRIDGE.BTC is 7.187854545454545e-05 
2019-06-27 11:17:08,878 : INFO : spread met condition
2019-06-27 11:17:20,345 : INFO : orderbook received
2019-06-27 11:17:23,237 : INFO : orderbook received
2019-06-27 11:17:25,124 : INFO : No balance for BRIDGE.BTC
2019-06-27 11:17:25,125 : INFO : balance for BRIDGE.BTC is 7.187854545454545e-05 
2019-06-27 11:17:26,677 : INFO : orderbook received
2019-06-27 11:17:29,123 : INFO : orderbook received
2019-06-27 11:17:45,857 : INFO : No balance for BRIDGE.BTC
2019-06-27 11:17:45,858 : INFO : balance for BRIDGE.BTC is 7.187854545454545e-05 
2019-06-27 11:17:45,873 : INFO : spread met condition
2019-06-27 11:17:57,886 : INFO : orderbook received
2019-06-27 11:18:01,071 : INFO : orderbook received
2019-06-27 11:18:02,901 : INFO : No balance for BRIDGE.BTC
2019-06-27 11:18:02,901 : INFO : balance for BRIDGE.BTC is 7.187854545454545e-05 
2019-06-27 11:18:04,569 : INFO : orderbook received
2019-06-27 11:18:07,631 : INFO : orderbook received
2019-06-27 11:18:25,011 : INFO : No balance for BRIDGE.BTC
2019-06-27 11:18:25,011 : INFO : balance for BRIDGE.BTC is 7.187854545454545e-05 
2019-06-27 11:18:25,040 : INFO : spread met condition
2019-06-27 11:18:36,584 : INFO : orderbook received
2019-06-27 11:18:38,936 : INFO : orderbook received
2019-06-27 11:18:40,365 : INFO : No balance for BRIDGE.BTC
2019-06-27 11:18:40,365 : INFO : balance for BRIDGE.BTC is 7.187854545454545e-05 
2019-06-27 11:18:41,765 : INFO : orderbook received
2019-06-27 11:18:44,253 : INFO : orderbook received
2019-06-27 11:19:05,837 : INFO : No balance for BRIDGE.BTC
2019-06-27 11:19:05,839 : INFO : balance for BRIDGE.BTC is 7.187854545454545e-05 
2019-06-27 11:19:05,896 : INFO : spread met condition
2019-06-27 11:19:17,963 : INFO : orderbook received
2019-06-27 11:19:20,411 : INFO : orderbook received
2019-06-27 11:19:21,632 : INFO : No balance for BRIDGE.BTC
2019-06-27 11:19:21,633 : INFO : balance for BRIDGE.BTC is 7.187854545454545e-05 
2019-06-27 11:19:23,573 : INFO : orderbook received
2019-06-27 11:19:26,331 : INFO : orderbook received
2019-06-27 11:19:48,392 : INFO : No balance for BRIDGE.BTC
2019-06-27 11:19:48,393 : INFO : balance for BRIDGE.BTC is 7.187854545454545e-05 
2019-06-27 11:19:48,445 : INFO : spread met condition
2019-06-27 11:20:00,255 : INFO : orderbook received
2019-06-27 11:20:02,758 : INFO : orderbook received
2019-06-27 11:20:03,961 : INFO : No balance for BRIDGE.BTC
2019-06-27 11:20:03,962 : INFO : balance for BRIDGE.BTC is 7.187854545454545e-05 
2019-06-27 11:20:05,280 : INFO : orderbook received
2019-06-27 11:20:07,682 : INFO : orderbook received
2019-06-27 11:20:29,329 : INFO : No balance for BRIDGE.BTC
2019-06-27 11:20:29,333 : INFO : balance for BRIDGE.BTC is 7.187854545454545e-05 
2019-06-27 11:20:29,413 : INFO : spread met condition
2019-06-27 11:20:40,961 : INFO : orderbook received
2019-06-27 11:20:43,474 : INFO : orderbook received
2019-06-27 11:20:44,707 : INFO : No balance for BRIDGE.BTC
2019-06-27 11:20:44,708 : INFO : balance for BRIDGE.BTC is 7.187854545454545e-05 
2019-06-27 11:20:46,531 : INFO : orderbook received
2019-06-27 11:20:48,840 : INFO : orderbook received
2019-06-27 11:21:10,221 : INFO : No balance for BRIDGE.BTC
2019-06-27 11:21:10,221 : INFO : balance for BRIDGE.BTC is 7.187854545454545e-05 
2019-06-27 11:21:10,252 : INFO : spread met condition
2019-06-27 11:23:12,360 : INFO : length of asks is 25
2019-06-27 11:23:30,736 : INFO : orderbook received
2019-06-27 11:23:35,085 : INFO : orderbook received
2019-06-27 11:23:36,458 : INFO : No balance for BRIDGE.BTC
2019-06-27 11:23:36,459 : INFO : balance for BRIDGE.BTC is 6.70749090909091e-05 
2019-06-27 11:28:36,469 : INFO : length of asks is 25
2019-06-27 11:28:55,046 : INFO : orderbook received
2019-06-27 11:28:59,291 : INFO : orderbook received
2019-06-27 11:29:00,628 : INFO : No balance for BRIDGE.BTC
2019-06-27 11:29:00,628 : INFO : balance for BRIDGE.BTC is 6.70749090909091e-05 
